<?xml version="1.0" encoding="UTF-8"?>
<robot generator="Robot 6.1.1 (Python 3.11.4 on win32)" generated="20231009 14:52:54.082" rpa="false" schemaversion="4">
<suite id="s1" name="Suites">
<suite id="s1-s1" name="Wynk" source="C:\Users\Sowjanya N-3147\PycharmProjects\ramp_up_python\Sowjanya\wynk.robot">
<test id="s1-s1-t1" name="TestAmazonLogin" line="5">
<kw name="Open Browser" library="SeleniumLibrary">
<arg>https://wynk.in/music</arg>
<arg>chrome</arg>
<doc>Opens a new browser instance to the optional ``url``.</doc>
<msg timestamp="20231009 14:52:54.335" level="INFO">Opening browser 'chrome' to base url 'https://wynk.in/music'.</msg>
<status status="PASS" starttime="20231009 14:52:54.335" endtime="20231009 14:53:04.887"/>
</kw>
<kw name="Maximize Browser Window" library="SeleniumLibrary">
<doc>Maximizes current browser window.</doc>
<status status="PASS" starttime="20231009 14:53:04.888" endtime="20231009 14:53:05.008"/>
</kw>
<status status="PASS" starttime="20231009 14:52:54.334" endtime="20231009 14:53:05.008"/>
</test>
<test id="s1-s1-t2" name="LoginTowynk" line="8">
<kw name="Sleep" library="BuiltIn">
<arg>2s</arg>
<doc>Pauses the test executed for the given time.</doc>
<msg timestamp="20231009 14:53:07.015" level="INFO">Slept 2 seconds</msg>
<status status="PASS" starttime="20231009 14:53:05.014" endtime="20231009 14:53:07.015"/>
</kw>
<kw name="Click Element" library="SeleniumLibrary">
<arg>xpath://div[text()='Login']</arg>
<doc>Click the element identified by ``locator``.</doc>
<msg timestamp="20231009 14:53:07.016" level="INFO">Clicking element 'xpath://div[text()='Login']'.</msg>
<status status="PASS" starttime="20231009 14:53:07.015" endtime="20231009 14:53:07.107"/>
</kw>
<kw name="Sleep" library="BuiltIn">
<arg>2s</arg>
<doc>Pauses the test executed for the given time.</doc>
<msg timestamp="20231009 14:53:09.109" level="INFO">Slept 2 seconds</msg>
<status status="PASS" starttime="20231009 14:53:07.107" endtime="20231009 14:53:09.109"/>
</kw>
<kw name="Input Text" library="SeleniumLibrary">
<arg>xpath://input[@data-testid="loginInputNumber"]</arg>
<arg>6309479867</arg>
<doc>Types the given ``text`` into the text field identified by ``locator``.</doc>
<msg timestamp="20231009 14:53:09.110" level="INFO">Typing text '6309479867' into text field 'xpath://input[@data-testid="loginInputNumber"]'.</msg>
<status status="PASS" starttime="20231009 14:53:09.109" endtime="20231009 14:53:09.329"/>
</kw>
<kw name="Sleep" library="BuiltIn">
<arg>2s</arg>
<doc>Pauses the test executed for the given time.</doc>
<msg timestamp="20231009 14:53:11.330" level="INFO">Slept 2 seconds</msg>
<status status="PASS" starttime="20231009 14:53:09.329" endtime="20231009 14:53:11.330"/>
</kw>
<kw name="Click Element" library="SeleniumLibrary">
<arg>xpath://button[@data-testid="loginSendOtpButton"]</arg>
<doc>Click the element identified by ``locator``.</doc>
<msg timestamp="20231009 14:53:11.332" level="INFO">Clicking element 'xpath://button[@data-testid="loginSendOtpButton"]'.</msg>
<status status="PASS" starttime="20231009 14:53:11.330" endtime="20231009 14:53:11.609"/>
</kw>
<kw name="Sleep" library="BuiltIn">
<arg>10s</arg>
<doc>Pauses the test executed for the given time.</doc>
<msg timestamp="20231009 14:53:21.610" level="INFO">Slept 10 seconds</msg>
<status status="PASS" starttime="20231009 14:53:11.609" endtime="20231009 14:53:21.610"/>
</kw>
<kw name="Click Element" library="SeleniumLibrary">
<arg>xpath:(//span[@class="w-6 h-6 dark:text-white"])[2]</arg>
<doc>Click the element identified by ``locator``.</doc>
<msg timestamp="20231009 14:53:21.611" level="INFO">Clicking element 'xpath:(//span[@class="w-6 h-6 dark:text-white"])[2]'.</msg>
<status status="PASS" starttime="20231009 14:53:21.610" endtime="20231009 14:53:21.708"/>
</kw>
<status status="PASS" starttime="20231009 14:53:05.009" endtime="20231009 14:53:21.709"/>
</test>
<test id="s1-s1-t3" name="soundquality" line="17">
<kw name="Sleep" library="BuiltIn">
<arg>5s</arg>
<doc>Pauses the test executed for the given time.</doc>
<msg timestamp="20231009 14:53:26.711" level="INFO">Slept 5 seconds</msg>
<status status="PASS" starttime="20231009 14:53:21.709" endtime="20231009 14:53:26.711"/>
</kw>
<kw name="Click Element" library="SeleniumLibrary">
<arg>xpath://span[text()='Sound Quality']</arg>
<doc>Click the element identified by ``locator``.</doc>
<msg timestamp="20231009 14:53:26.712" level="INFO">Clicking element 'xpath://span[text()='Sound Quality']'.</msg>
<status status="PASS" starttime="20231009 14:53:26.711" endtime="20231009 14:53:26.905"/>
</kw>
<kw name="Sleep" library="BuiltIn">
<arg>2s</arg>
<doc>Pauses the test executed for the given time.</doc>
<msg timestamp="20231009 14:53:28.907" level="INFO">Slept 2 seconds</msg>
<status status="PASS" starttime="20231009 14:53:26.905" endtime="20231009 14:53:28.907"/>
</kw>
<kw name="Page Should Contain Element" library="SeleniumLibrary">
<arg>xpath://div[text()='Sound Quality']</arg>
<doc>Verifies that element ``locator`` is found on the current page.</doc>
<msg timestamp="20231009 14:53:28.938" level="INFO">Current page contains element 'xpath://div[text()='Sound Quality']'.</msg>
<status status="PASS" starttime="20231009 14:53:28.907" endtime="20231009 14:53:28.939"/>
</kw>
<kw name="Sleep" library="BuiltIn">
<arg>2s</arg>
<doc>Pauses the test executed for the given time.</doc>
<msg timestamp="20231009 14:53:30.939" level="INFO">Slept 2 seconds</msg>
<status status="PASS" starttime="20231009 14:53:28.939" endtime="20231009 14:53:30.939"/>
</kw>
<kw name="Log To Console" library="BuiltIn">
<arg>Qualitycheck</arg>
<doc>Logs the given message to the console.</doc>
<status status="PASS" starttime="20231009 14:53:30.939" endtime="20231009 14:53:30.940"/>
</kw>
<kw name="Sleep" library="BuiltIn">
<arg>2s</arg>
<doc>Pauses the test executed for the given time.</doc>
<msg timestamp="20231009 14:53:32.941" level="INFO">Slept 2 seconds</msg>
<status status="PASS" starttime="20231009 14:53:30.940" endtime="20231009 14:53:32.941"/>
</kw>
<kw name="Click Element" library="SeleniumLibrary">
<arg>xpath:(//li[@class="sound-quality-modal_soundQuality__item__rsRrU cursor-pointer dark:hover:bg-wynk-dark-background hover:bg-wynk-light-background dark:bg-transparent bg-wynk-gray3"])[2]</arg>
<doc>Click the element identified by ``locator``.</doc>
<msg timestamp="20231009 14:53:32.943" level="INFO">Clicking element 'xpath:(//li[@class="sound-quality-modal_soundQuality__item__rsRrU cursor-pointer dark:hover:bg-wynk-dark-background hover:bg-wynk-light-background dark:bg-transparent bg-wynk-gray3"])[2]'.</msg>
<status status="PASS" starttime="20231009 14:53:32.942" endtime="20231009 14:53:33.216"/>
</kw>
<status status="PASS" starttime="20231009 14:53:21.709" endtime="20231009 14:53:33.216"/>
</test>
<test id="s1-s1-t4" name="playsongs" line="26">
<kw name="Sleep" library="BuiltIn">
<arg>2s</arg>
<doc>Pauses the test executed for the given time.</doc>
<msg timestamp="20231009 14:53:35.218" level="INFO">Slept 2 seconds</msg>
<status status="PASS" starttime="20231009 14:53:33.218" endtime="20231009 14:53:35.218"/>
</kw>
<kw name="Click Element" library="SeleniumLibrary">
<arg>xpath://div[text()='Telugammayi']</arg>
<doc>Click the element identified by ``locator``.</doc>
<msg timestamp="20231009 14:53:35.220" level="INFO">Clicking element 'xpath://div[text()='Telugammayi']'.</msg>
<status status="PASS" starttime="20231009 14:53:35.219" endtime="20231009 14:53:35.389"/>
</kw>
<kw name="Sleep" library="BuiltIn">
<arg>2s</arg>
<doc>Pauses the test executed for the given time.</doc>
<msg timestamp="20231009 14:53:37.392" level="INFO">Slept 2 seconds</msg>
<status status="PASS" starttime="20231009 14:53:35.391" endtime="20231009 14:53:37.392"/>
</kw>
<kw name="Click Element" library="SeleniumLibrary">
<arg>xpath://span[text()='Play Now']</arg>
<doc>Click the element identified by ``locator``.</doc>
<msg timestamp="20231009 14:53:37.393" level="INFO">Clicking element 'xpath://span[text()='Play Now']'.</msg>
<status status="PASS" starttime="20231009 14:53:37.392" endtime="20231009 14:53:37.575"/>
</kw>
<kw name="Sleep" library="BuiltIn">
<arg>2s</arg>
<doc>Pauses the test executed for the given time.</doc>
<msg timestamp="20231009 14:53:39.594" level="INFO">Slept 2 seconds</msg>
<status status="PASS" starttime="20231009 14:53:37.594" endtime="20231009 14:53:39.594"/>
</kw>
<kw name="Click Element" library="SeleniumLibrary">
<arg>xpath://span[text()='Wynk Music']</arg>
<doc>Click the element identified by ``locator``.</doc>
<msg timestamp="20231009 14:53:39.595" level="INFO">Clicking element 'xpath://span[text()='Wynk Music']'.</msg>
<status status="PASS" starttime="20231009 14:53:39.594" endtime="20231009 14:53:39.706"/>
</kw>
<kw name="Sleep" library="BuiltIn">
<arg>5s</arg>
<doc>Pauses the test executed for the given time.</doc>
<msg timestamp="20231009 14:53:44.709" level="INFO">Slept 5 seconds</msg>
<status status="PASS" starttime="20231009 14:53:39.707" endtime="20231009 14:53:44.709"/>
</kw>
<for flavor="IN RANGE">
<var>${i}</var>
<value>0</value>
<value>6500</value>
<value>50</value>
<iter>
<var name="${i}">0</var>
<kw name="Execute Javascript" library="SeleniumLibrary">
<arg>window.scrollTo(0, ${i})</arg>
<doc>Executes the given JavaScript code with possible arguments.</doc>
<msg timestamp="20231009 14:53:44.713" level="INFO">Executing JavaScript:
window.scrollTo(0, 0)
Without any arguments.</msg>
<status status="PASS" starttime="20231009 14:53:44.711" endtime="20231009 14:53:44.748"/>
</kw>
<kw name="Sleep" library="BuiltIn">
<arg>1s</arg>
<doc>Pauses the test executed for the given time.</doc>
<msg timestamp="20231009 14:53:45.750" level="INFO">Slept 1 second</msg>
<status status="PASS" starttime="20231009 14:53:44.748" endtime="20231009 14:53:45.750"/>
</kw>
<status status="PASS" starttime="20231009 14:53:44.710" endtime="20231009 14:53:45.750"/>
</iter>
<iter>
<var name="${i}">50</var>
<kw name="Execute Javascript" library="SeleniumLibrary">
<arg>window.scrollTo(0, ${i})</arg>
<doc>Executes the given JavaScript code with possible arguments.</doc>
<msg timestamp="20231009 14:53:45.753" level="INFO">Executing JavaScript:
window.scrollTo(0, 50)
Without any arguments.</msg>
<status status="PASS" starttime="20231009 14:53:45.751" endtime="20231009 14:53:45.777"/>
</kw>
<kw name="Sleep" library="BuiltIn">
<arg>1s</arg>
<doc>Pauses the test executed for the given time.</doc>
<msg timestamp="20231009 14:53:46.779" level="INFO">Slept 1 second</msg>
<status status="PASS" starttime="20231009 14:53:45.777" endtime="20231009 14:53:46.779"/>
</kw>
<status status="PASS" starttime="20231009 14:53:45.750" endtime="20231009 14:53:46.779"/>
</iter>
<iter>
<var name="${i}">100</var>
<kw name="Execute Javascript" library="SeleniumLibrary">
<arg>window.scrollTo(0, ${i})</arg>
<doc>Executes the given JavaScript code with possible arguments.</doc>
<msg timestamp="20231009 14:53:46.784" level="INFO">Executing JavaScript:
window.scrollTo(0, 100)
Without any arguments.</msg>
<status status="PASS" starttime="20231009 14:53:46.780" endtime="20231009 14:53:46.806"/>
</kw>
<kw name="Sleep" library="BuiltIn">
<arg>1s</arg>
<doc>Pauses the test executed for the given time.</doc>
<msg timestamp="20231009 14:53:47.808" level="INFO">Slept 1 second</msg>
<status status="PASS" starttime="20231009 14:53:46.807" endtime="20231009 14:53:47.808"/>
</kw>
<status status="PASS" starttime="20231009 14:53:46.779" endtime="20231009 14:53:47.809"/>
</iter>
<iter>
<var name="${i}">150</var>
<kw name="Execute Javascript" library="SeleniumLibrary">
<arg>window.scrollTo(0, ${i})</arg>
<doc>Executes the given JavaScript code with possible arguments.</doc>
<msg timestamp="20231009 14:53:47.811" level="INFO">Executing JavaScript:
window.scrollTo(0, 150)
Without any arguments.</msg>
<status status="PASS" starttime="20231009 14:53:47.809" endtime="20231009 14:53:47.824"/>
</kw>
<kw name="Sleep" library="BuiltIn">
<arg>1s</arg>
<doc>Pauses the test executed for the given time.</doc>
<msg timestamp="20231009 14:53:48.825" level="INFO">Slept 1 second</msg>
<status status="PASS" starttime="20231009 14:53:47.824" endtime="20231009 14:53:48.825"/>
</kw>
<status status="PASS" starttime="20231009 14:53:47.809" endtime="20231009 14:53:48.825"/>
</iter>
<iter>
<var name="${i}">200</var>
<kw name="Execute Javascript" library="SeleniumLibrary">
<arg>window.scrollTo(0, ${i})</arg>
<doc>Executes the given JavaScript code with possible arguments.</doc>
<msg timestamp="20231009 14:53:48.830" level="INFO">Executing JavaScript:
window.scrollTo(0, 200)
Without any arguments.</msg>
<status status="PASS" starttime="20231009 14:53:48.828" endtime="20231009 14:53:48.860"/>
</kw>
<kw name="Sleep" library="BuiltIn">
<arg>1s</arg>
<doc>Pauses the test executed for the given time.</doc>
<msg timestamp="20231009 14:53:49.861" level="INFO">Slept 1 second</msg>
<status status="PASS" starttime="20231009 14:53:48.860" endtime="20231009 14:53:49.861"/>
</kw>
<status status="PASS" starttime="20231009 14:53:48.827" endtime="20231009 14:53:49.861"/>
</iter>
<iter>
<var name="${i}">250</var>
<kw name="Execute Javascript" library="SeleniumLibrary">
<arg>window.scrollTo(0, ${i})</arg>
<doc>Executes the given JavaScript code with possible arguments.</doc>
<msg timestamp="20231009 14:53:49.863" level="INFO">Executing JavaScript:
window.scrollTo(0, 250)
Without any arguments.</msg>
<status status="PASS" starttime="20231009 14:53:49.862" endtime="20231009 14:53:49.895"/>
</kw>
<kw name="Sleep" library="BuiltIn">
<arg>1s</arg>
<doc>Pauses the test executed for the given time.</doc>
<msg timestamp="20231009 14:53:50.896" level="INFO">Slept 1 second</msg>
<status status="PASS" starttime="20231009 14:53:49.895" endtime="20231009 14:53:50.896"/>
</kw>
<status status="PASS" starttime="20231009 14:53:49.861" endtime="20231009 14:53:50.896"/>
</iter>
<iter>
<var name="${i}">300</var>
<kw name="Execute Javascript" library="SeleniumLibrary">
<arg>window.scrollTo(0, ${i})</arg>
<doc>Executes the given JavaScript code with possible arguments.</doc>
<msg timestamp="20231009 14:53:50.899" level="INFO">Executing JavaScript:
window.scrollTo(0, 300)
Without any arguments.</msg>
<status status="PASS" starttime="20231009 14:53:50.897" endtime="20231009 14:53:50.916"/>
</kw>
<kw name="Sleep" library="BuiltIn">
<arg>1s</arg>
<doc>Pauses the test executed for the given time.</doc>
<msg timestamp="20231009 14:53:51.917" level="INFO">Slept 1 second</msg>
<status status="PASS" starttime="20231009 14:53:50.916" endtime="20231009 14:53:51.918"/>
</kw>
<status status="PASS" starttime="20231009 14:53:50.897" endtime="20231009 14:53:51.918"/>
</iter>
<iter>
<var name="${i}">350</var>
<kw name="Execute Javascript" library="SeleniumLibrary">
<arg>window.scrollTo(0, ${i})</arg>
<doc>Executes the given JavaScript code with possible arguments.</doc>
<msg timestamp="20231009 14:53:51.923" level="INFO">Executing JavaScript:
window.scrollTo(0, 350)
Without any arguments.</msg>
<status status="PASS" starttime="20231009 14:53:51.920" endtime="20231009 14:53:51.957"/>
</kw>
<kw name="Sleep" library="BuiltIn">
<arg>1s</arg>
<doc>Pauses the test executed for the given time.</doc>
<msg timestamp="20231009 14:53:52.959" level="INFO">Slept 1 second</msg>
<status status="PASS" starttime="20231009 14:53:51.958" endtime="20231009 14:53:52.959"/>
</kw>
<status status="PASS" starttime="20231009 14:53:51.919" endtime="20231009 14:53:52.959"/>
</iter>
<iter>
<var name="${i}">400</var>
<kw name="Execute Javascript" library="SeleniumLibrary">
<arg>window.scrollTo(0, ${i})</arg>
<doc>Executes the given JavaScript code with possible arguments.</doc>
<msg timestamp="20231009 14:53:52.962" level="INFO">Executing JavaScript:
window.scrollTo(0, 400)
Without any arguments.</msg>
<status status="PASS" starttime="20231009 14:53:52.960" endtime="20231009 14:53:52.993"/>
</kw>
<kw name="Sleep" library="BuiltIn">
<arg>1s</arg>
<doc>Pauses the test executed for the given time.</doc>
<msg timestamp="20231009 14:53:53.994" level="INFO">Slept 1 second</msg>
<status status="PASS" starttime="20231009 14:53:52.993" endtime="20231009 14:53:53.995"/>
</kw>
<status status="PASS" starttime="20231009 14:53:52.960" endtime="20231009 14:53:53.995"/>
</iter>
<iter>
<var name="${i}">450</var>
<kw name="Execute Javascript" library="SeleniumLibrary">
<arg>window.scrollTo(0, ${i})</arg>
<doc>Executes the given JavaScript code with possible arguments.</doc>
<msg timestamp="20231009 14:53:53.999" level="INFO">Executing JavaScript:
window.scrollTo(0, 450)
Without any arguments.</msg>
<status status="PASS" starttime="20231009 14:53:53.996" endtime="20231009 14:53:54.034"/>
</kw>
<kw name="Sleep" library="BuiltIn">
<arg>1s</arg>
<doc>Pauses the test executed for the given time.</doc>
<msg timestamp="20231009 14:53:55.035" level="INFO">Slept 1 second</msg>
<status status="PASS" starttime="20231009 14:53:54.034" endtime="20231009 14:53:55.035"/>
</kw>
<status status="PASS" starttime="20231009 14:53:53.996" endtime="20231009 14:53:55.035"/>
</iter>
<iter>
<var name="${i}">500</var>
<kw name="Execute Javascript" library="SeleniumLibrary">
<arg>window.scrollTo(0, ${i})</arg>
<doc>Executes the given JavaScript code with possible arguments.</doc>
<msg timestamp="20231009 14:53:55.038" level="INFO">Executing JavaScript:
window.scrollTo(0, 500)
Without any arguments.</msg>
<status status="PASS" starttime="20231009 14:53:55.037" endtime="20231009 14:53:55.065"/>
</kw>
<kw name="Sleep" library="BuiltIn">
<arg>1s</arg>
<doc>Pauses the test executed for the given time.</doc>
<msg timestamp="20231009 14:53:56.066" level="INFO">Slept 1 second</msg>
<status status="PASS" starttime="20231009 14:53:55.066" endtime="20231009 14:53:56.066"/>
</kw>
<status status="PASS" starttime="20231009 14:53:55.036" endtime="20231009 14:53:56.067"/>
</iter>
<iter>
<var name="${i}">550</var>
<kw name="Execute Javascript" library="SeleniumLibrary">
<arg>window.scrollTo(0, ${i})</arg>
<doc>Executes the given JavaScript code with possible arguments.</doc>
<msg timestamp="20231009 14:53:56.070" level="INFO">Executing JavaScript:
window.scrollTo(0, 550)
Without any arguments.</msg>
<status status="PASS" starttime="20231009 14:53:56.068" endtime="20231009 14:53:56.096"/>
</kw>
<kw name="Sleep" library="BuiltIn">
<arg>1s</arg>
<doc>Pauses the test executed for the given time.</doc>
<msg timestamp="20231009 14:53:57.096" level="INFO">Slept 1 second</msg>
<status status="PASS" starttime="20231009 14:53:56.096" endtime="20231009 14:53:57.096"/>
</kw>
<status status="PASS" starttime="20231009 14:53:56.067" endtime="20231009 14:53:57.097"/>
</iter>
<iter>
<var name="${i}">600</var>
<kw name="Execute Javascript" library="SeleniumLibrary">
<arg>window.scrollTo(0, ${i})</arg>
<doc>Executes the given JavaScript code with possible arguments.</doc>
<msg timestamp="20231009 14:53:57.099" level="INFO">Executing JavaScript:
window.scrollTo(0, 600)
Without any arguments.</msg>
<status status="PASS" starttime="20231009 14:53:57.098" endtime="20231009 14:53:57.127"/>
</kw>
<kw name="Sleep" library="BuiltIn">
<arg>1s</arg>
<doc>Pauses the test executed for the given time.</doc>
<msg timestamp="20231009 14:53:58.129" level="INFO">Slept 1 second</msg>
<status status="PASS" starttime="20231009 14:53:57.127" endtime="20231009 14:53:58.129"/>
</kw>
<status status="PASS" starttime="20231009 14:53:57.097" endtime="20231009 14:53:58.130"/>
</iter>
<iter>
<var name="${i}">650</var>
<kw name="Execute Javascript" library="SeleniumLibrary">
<arg>window.scrollTo(0, ${i})</arg>
<doc>Executes the given JavaScript code with possible arguments.</doc>
<msg timestamp="20231009 14:53:58.132" level="INFO">Executing JavaScript:
window.scrollTo(0, 650)
Without any arguments.</msg>
<status status="PASS" starttime="20231009 14:53:58.131" endtime="20231009 14:53:58.144"/>
</kw>
<kw name="Sleep" library="BuiltIn">
<arg>1s</arg>
<doc>Pauses the test executed for the given time.</doc>
<msg timestamp="20231009 14:53:59.146" level="INFO">Slept 1 second</msg>
<status status="PASS" starttime="20231009 14:53:58.144" endtime="20231009 14:53:59.146"/>
</kw>
<status status="PASS" starttime="20231009 14:53:58.130" endtime="20231009 14:53:59.146"/>
</iter>
<iter>
<var name="${i}">700</var>
<kw name="Execute Javascript" library="SeleniumLibrary">
<arg>window.scrollTo(0, ${i})</arg>
<doc>Executes the given JavaScript code with possible arguments.</doc>
<msg timestamp="20231009 14:53:59.149" level="INFO">Executing JavaScript:
window.scrollTo(0, 700)
Without any arguments.</msg>
<status status="PASS" starttime="20231009 14:53:59.147" endtime="20231009 14:53:59.182"/>
</kw>
<kw name="Sleep" library="BuiltIn">
<arg>1s</arg>
<doc>Pauses the test executed for the given time.</doc>
<msg timestamp="20231009 14:54:00.183" level="INFO">Slept 1 second</msg>
<status status="PASS" starttime="20231009 14:53:59.182" endtime="20231009 14:54:00.183"/>
</kw>
<status status="PASS" starttime="20231009 14:53:59.147" endtime="20231009 14:54:00.183"/>
</iter>
<iter>
<var name="${i}">750</var>
<kw name="Execute Javascript" library="SeleniumLibrary">
<arg>window.scrollTo(0, ${i})</arg>
<doc>Executes the given JavaScript code with possible arguments.</doc>
<msg timestamp="20231009 14:54:00.186" level="INFO">Executing JavaScript:
window.scrollTo(0, 750)
Without any arguments.</msg>
<status status="PASS" starttime="20231009 14:54:00.185" endtime="20231009 14:54:00.212"/>
</kw>
<kw name="Sleep" library="BuiltIn">
<arg>1s</arg>
<doc>Pauses the test executed for the given time.</doc>
<msg timestamp="20231009 14:54:01.214" level="INFO">Slept 1 second</msg>
<status status="PASS" starttime="20231009 14:54:00.213" endtime="20231009 14:54:01.214"/>
</kw>
<status status="PASS" starttime="20231009 14:54:00.183" endtime="20231009 14:54:01.214"/>
</iter>
<iter>
<var name="${i}">800</var>
<kw name="Execute Javascript" library="SeleniumLibrary">
<arg>window.scrollTo(0, ${i})</arg>
<doc>Executes the given JavaScript code with possible arguments.</doc>
<msg timestamp="20231009 14:54:01.216" level="INFO">Executing JavaScript:
window.scrollTo(0, 800)
Without any arguments.</msg>
<status status="PASS" starttime="20231009 14:54:01.215" endtime="20231009 14:54:01.247"/>
</kw>
<kw name="Sleep" library="BuiltIn">
<arg>1s</arg>
<doc>Pauses the test executed for the given time.</doc>
<msg timestamp="20231009 14:54:02.249" level="INFO">Slept 1 second</msg>
<status status="PASS" starttime="20231009 14:54:01.248" endtime="20231009 14:54:02.250"/>
</kw>
<status status="PASS" starttime="20231009 14:54:01.215" endtime="20231009 14:54:02.250"/>
</iter>
<iter>
<var name="${i}">850</var>
<kw name="Execute Javascript" library="SeleniumLibrary">
<arg>window.scrollTo(0, ${i})</arg>
<doc>Executes the given JavaScript code with possible arguments.</doc>
<msg timestamp="20231009 14:54:02.253" level="INFO">Executing JavaScript:
window.scrollTo(0, 850)
Without any arguments.</msg>
<status status="PASS" starttime="20231009 14:54:02.251" endtime="20231009 14:54:02.276"/>
</kw>
<kw name="Sleep" library="BuiltIn">
<arg>1s</arg>
<doc>Pauses the test executed for the given time.</doc>
<msg timestamp="20231009 14:54:03.277" level="INFO">Slept 1 second</msg>
<status status="PASS" starttime="20231009 14:54:02.276" endtime="20231009 14:54:03.277"/>
</kw>
<status status="PASS" starttime="20231009 14:54:02.251" endtime="20231009 14:54:03.277"/>
</iter>
<iter>
<var name="${i}">900</var>
<kw name="Execute Javascript" library="SeleniumLibrary">
<arg>window.scrollTo(0, ${i})</arg>
<doc>Executes the given JavaScript code with possible arguments.</doc>
<msg timestamp="20231009 14:54:03.280" level="INFO">Executing JavaScript:
window.scrollTo(0, 900)
Without any arguments.</msg>
<status status="PASS" starttime="20231009 14:54:03.278" endtime="20231009 14:54:03.314"/>
</kw>
<kw name="Sleep" library="BuiltIn">
<arg>1s</arg>
<doc>Pauses the test executed for the given time.</doc>
<msg timestamp="20231009 14:54:04.315" level="INFO">Slept 1 second</msg>
<status status="PASS" starttime="20231009 14:54:03.315" endtime="20231009 14:54:04.315"/>
</kw>
<status status="PASS" starttime="20231009 14:54:03.277" endtime="20231009 14:54:04.315"/>
</iter>
<iter>
<var name="${i}">950</var>
<kw name="Execute Javascript" library="SeleniumLibrary">
<arg>window.scrollTo(0, ${i})</arg>
<doc>Executes the given JavaScript code with possible arguments.</doc>
<msg timestamp="20231009 14:54:04.319" level="INFO">Executing JavaScript:
window.scrollTo(0, 950)
Without any arguments.</msg>
<status status="PASS" starttime="20231009 14:54:04.317" endtime="20231009 14:54:04.382"/>
</kw>
<kw name="Sleep" library="BuiltIn">
<arg>1s</arg>
<doc>Pauses the test executed for the given time.</doc>
<msg timestamp="20231009 14:54:05.384" level="INFO">Slept 1 second</msg>
<status status="PASS" starttime="20231009 14:54:04.382" endtime="20231009 14:54:05.384"/>
</kw>
<status status="PASS" starttime="20231009 14:54:04.317" endtime="20231009 14:54:05.385"/>
</iter>
<iter>
<var name="${i}">1000</var>
<kw name="Execute Javascript" library="SeleniumLibrary">
<arg>window.scrollTo(0, ${i})</arg>
<doc>Executes the given JavaScript code with possible arguments.</doc>
<msg timestamp="20231009 14:54:05.387" level="INFO">Executing JavaScript:
window.scrollTo(0, 1000)
Without any arguments.</msg>
<status status="PASS" starttime="20231009 14:54:05.386" endtime="20231009 14:54:05.471"/>
</kw>
<kw name="Sleep" library="BuiltIn">
<arg>1s</arg>
<doc>Pauses the test executed for the given time.</doc>
<msg timestamp="20231009 14:54:06.472" level="INFO">Slept 1 second</msg>
<status status="PASS" starttime="20231009 14:54:05.472" endtime="20231009 14:54:06.472"/>
</kw>
<status status="PASS" starttime="20231009 14:54:05.385" endtime="20231009 14:54:06.472"/>
</iter>
<iter>
<var name="${i}">1050</var>
<kw name="Execute Javascript" library="SeleniumLibrary">
<arg>window.scrollTo(0, ${i})</arg>
<doc>Executes the given JavaScript code with possible arguments.</doc>
<msg timestamp="20231009 14:54:06.473" level="INFO">Executing JavaScript:
window.scrollTo(0, 1050)
Without any arguments.</msg>
<status status="PASS" starttime="20231009 14:54:06.473" endtime="20231009 14:54:06.516"/>
</kw>
<kw name="Sleep" library="BuiltIn">
<arg>1s</arg>
<doc>Pauses the test executed for the given time.</doc>
<msg timestamp="20231009 14:54:07.519" level="INFO">Slept 1 second</msg>
<status status="PASS" starttime="20231009 14:54:06.517" endtime="20231009 14:54:07.519"/>
</kw>
<status status="PASS" starttime="20231009 14:54:06.472" endtime="20231009 14:54:07.519"/>
</iter>
<iter>
<var name="${i}">1100</var>
<kw name="Execute Javascript" library="SeleniumLibrary">
<arg>window.scrollTo(0, ${i})</arg>
<doc>Executes the given JavaScript code with possible arguments.</doc>
<msg timestamp="20231009 14:54:07.522" level="INFO">Executing JavaScript:
window.scrollTo(0, 1100)
Without any arguments.</msg>
<status status="PASS" starttime="20231009 14:54:07.520" endtime="20231009 14:54:07.547"/>
</kw>
<kw name="Sleep" library="BuiltIn">
<arg>1s</arg>
<doc>Pauses the test executed for the given time.</doc>
<msg timestamp="20231009 14:54:08.548" level="INFO">Slept 1 second</msg>
<status status="PASS" starttime="20231009 14:54:07.547" endtime="20231009 14:54:08.548"/>
</kw>
<status status="PASS" starttime="20231009 14:54:07.519" endtime="20231009 14:54:08.548"/>
</iter>
<iter>
<var name="${i}">1150</var>
<kw name="Execute Javascript" library="SeleniumLibrary">
<arg>window.scrollTo(0, ${i})</arg>
<doc>Executes the given JavaScript code with possible arguments.</doc>
<msg timestamp="20231009 14:54:08.551" level="INFO">Executing JavaScript:
window.scrollTo(0, 1150)
Without any arguments.</msg>
<status status="PASS" starttime="20231009 14:54:08.549" endtime="20231009 14:54:08.568"/>
</kw>
<kw name="Sleep" library="BuiltIn">
<arg>1s</arg>
<doc>Pauses the test executed for the given time.</doc>
<msg timestamp="20231009 14:54:09.569" level="INFO">Slept 1 second</msg>
<status status="PASS" starttime="20231009 14:54:08.568" endtime="20231009 14:54:09.569"/>
</kw>
<status status="PASS" starttime="20231009 14:54:08.549" endtime="20231009 14:54:09.569"/>
</iter>
<iter>
<var name="${i}">1200</var>
<kw name="Execute Javascript" library="SeleniumLibrary">
<arg>window.scrollTo(0, ${i})</arg>
<doc>Executes the given JavaScript code with possible arguments.</doc>
<msg timestamp="20231009 14:54:09.574" level="INFO">Executing JavaScript:
window.scrollTo(0, 1200)
Without any arguments.</msg>
<status status="PASS" starttime="20231009 14:54:09.572" endtime="20231009 14:54:09.652"/>
</kw>
<kw name="Sleep" library="BuiltIn">
<arg>1s</arg>
<doc>Pauses the test executed for the given time.</doc>
<msg timestamp="20231009 14:54:10.653" level="INFO">Slept 1 second</msg>
<status status="PASS" starttime="20231009 14:54:09.652" endtime="20231009 14:54:10.654"/>
</kw>
<status status="PASS" starttime="20231009 14:54:09.571" endtime="20231009 14:54:10.654"/>
</iter>
<iter>
<var name="${i}">1250</var>
<kw name="Execute Javascript" library="SeleniumLibrary">
<arg>window.scrollTo(0, ${i})</arg>
<doc>Executes the given JavaScript code with possible arguments.</doc>
<msg timestamp="20231009 14:54:10.661" level="INFO">Executing JavaScript:
window.scrollTo(0, 1250)
Without any arguments.</msg>
<status status="PASS" starttime="20231009 14:54:10.656" endtime="20231009 14:54:10.698"/>
</kw>
<kw name="Sleep" library="BuiltIn">
<arg>1s</arg>
<doc>Pauses the test executed for the given time.</doc>
<msg timestamp="20231009 14:54:11.698" level="INFO">Slept 1 second</msg>
<status status="PASS" starttime="20231009 14:54:10.698" endtime="20231009 14:54:11.698"/>
</kw>
<status status="PASS" starttime="20231009 14:54:10.655" endtime="20231009 14:54:11.699"/>
</iter>
<iter>
<var name="${i}">1300</var>
<kw name="Execute Javascript" library="SeleniumLibrary">
<arg>window.scrollTo(0, ${i})</arg>
<doc>Executes the given JavaScript code with possible arguments.</doc>
<msg timestamp="20231009 14:54:11.701" level="INFO">Executing JavaScript:
window.scrollTo(0, 1300)
Without any arguments.</msg>
<status status="PASS" starttime="20231009 14:54:11.699" endtime="20231009 14:54:11.719"/>
</kw>
<kw name="Sleep" library="BuiltIn">
<arg>1s</arg>
<doc>Pauses the test executed for the given time.</doc>
<msg timestamp="20231009 14:54:12.720" level="INFO">Slept 1 second</msg>
<status status="PASS" starttime="20231009 14:54:11.719" endtime="20231009 14:54:12.720"/>
</kw>
<status status="PASS" starttime="20231009 14:54:11.699" endtime="20231009 14:54:12.720"/>
</iter>
<iter>
<var name="${i}">1350</var>
<kw name="Execute Javascript" library="SeleniumLibrary">
<arg>window.scrollTo(0, ${i})</arg>
<doc>Executes the given JavaScript code with possible arguments.</doc>
<msg timestamp="20231009 14:54:12.722" level="INFO">Executing JavaScript:
window.scrollTo(0, 1350)
Without any arguments.</msg>
<status status="PASS" starttime="20231009 14:54:12.721" endtime="20231009 14:54:12.783"/>
</kw>
<kw name="Sleep" library="BuiltIn">
<arg>1s</arg>
<doc>Pauses the test executed for the given time.</doc>
<msg timestamp="20231009 14:54:13.785" level="INFO">Slept 1 second</msg>
<status status="PASS" starttime="20231009 14:54:12.783" endtime="20231009 14:54:13.785"/>
</kw>
<status status="PASS" starttime="20231009 14:54:12.720" endtime="20231009 14:54:13.785"/>
</iter>
<iter>
<var name="${i}">1400</var>
<kw name="Execute Javascript" library="SeleniumLibrary">
<arg>window.scrollTo(0, ${i})</arg>
<doc>Executes the given JavaScript code with possible arguments.</doc>
<msg timestamp="20231009 14:54:13.787" level="INFO">Executing JavaScript:
window.scrollTo(0, 1400)
Without any arguments.</msg>
<status status="PASS" starttime="20231009 14:54:13.786" endtime="20231009 14:54:13.842"/>
</kw>
<kw name="Sleep" library="BuiltIn">
<arg>1s</arg>
<doc>Pauses the test executed for the given time.</doc>
<msg timestamp="20231009 14:54:14.843" level="INFO">Slept 1 second</msg>
<status status="PASS" starttime="20231009 14:54:13.843" endtime="20231009 14:54:14.843"/>
</kw>
<status status="PASS" starttime="20231009 14:54:13.785" endtime="20231009 14:54:14.844"/>
</iter>
<iter>
<var name="${i}">1450</var>
<kw name="Execute Javascript" library="SeleniumLibrary">
<arg>window.scrollTo(0, ${i})</arg>
<doc>Executes the given JavaScript code with possible arguments.</doc>
<msg timestamp="20231009 14:54:14.845" level="INFO">Executing JavaScript:
window.scrollTo(0, 1450)
Without any arguments.</msg>
<status status="PASS" starttime="20231009 14:54:14.844" endtime="20231009 14:54:14.885"/>
</kw>
<kw name="Sleep" library="BuiltIn">
<arg>1s</arg>
<doc>Pauses the test executed for the given time.</doc>
<msg timestamp="20231009 14:54:15.886" level="INFO">Slept 1 second</msg>
<status status="PASS" starttime="20231009 14:54:14.885" endtime="20231009 14:54:15.886"/>
</kw>
<status status="PASS" starttime="20231009 14:54:14.844" endtime="20231009 14:54:15.886"/>
</iter>
<iter>
<var name="${i}">1500</var>
<kw name="Execute Javascript" library="SeleniumLibrary">
<arg>window.scrollTo(0, ${i})</arg>
<doc>Executes the given JavaScript code with possible arguments.</doc>
<msg timestamp="20231009 14:54:15.888" level="INFO">Executing JavaScript:
window.scrollTo(0, 1500)
Without any arguments.</msg>
<status status="PASS" starttime="20231009 14:54:15.887" endtime="20231009 14:54:15.901"/>
</kw>
<kw name="Sleep" library="BuiltIn">
<arg>1s</arg>
<doc>Pauses the test executed for the given time.</doc>
<msg timestamp="20231009 14:54:16.902" level="INFO">Slept 1 second</msg>
<status status="PASS" starttime="20231009 14:54:15.902" endtime="20231009 14:54:16.902"/>
</kw>
<status status="PASS" starttime="20231009 14:54:15.886" endtime="20231009 14:54:16.902"/>
</iter>
<iter>
<var name="${i}">1550</var>
<kw name="Execute Javascript" library="SeleniumLibrary">
<arg>window.scrollTo(0, ${i})</arg>
<doc>Executes the given JavaScript code with possible arguments.</doc>
<msg timestamp="20231009 14:54:16.905" level="INFO">Executing JavaScript:
window.scrollTo(0, 1550)
Without any arguments.</msg>
<status status="PASS" starttime="20231009 14:54:16.903" endtime="20231009 14:54:16.947"/>
</kw>
<kw name="Sleep" library="BuiltIn">
<arg>1s</arg>
<doc>Pauses the test executed for the given time.</doc>
<msg timestamp="20231009 14:54:17.949" level="INFO">Slept 1 second</msg>
<status status="PASS" starttime="20231009 14:54:16.949" endtime="20231009 14:54:17.949"/>
</kw>
<status status="PASS" starttime="20231009 14:54:16.903" endtime="20231009 14:54:17.949"/>
</iter>
<iter>
<var name="${i}">1600</var>
<kw name="Execute Javascript" library="SeleniumLibrary">
<arg>window.scrollTo(0, ${i})</arg>
<doc>Executes the given JavaScript code with possible arguments.</doc>
<msg timestamp="20231009 14:54:17.952" level="INFO">Executing JavaScript:
window.scrollTo(0, 1600)
Without any arguments.</msg>
<status status="PASS" starttime="20231009 14:54:17.949" endtime="20231009 14:54:18.008"/>
</kw>
<kw name="Sleep" library="BuiltIn">
<arg>1s</arg>
<doc>Pauses the test executed for the given time.</doc>
<msg timestamp="20231009 14:54:19.009" level="INFO">Slept 1 second</msg>
<status status="PASS" starttime="20231009 14:54:18.009" endtime="20231009 14:54:19.009"/>
</kw>
<status status="PASS" starttime="20231009 14:54:17.949" endtime="20231009 14:54:19.010"/>
</iter>
<iter>
<var name="${i}">1650</var>
<kw name="Execute Javascript" library="SeleniumLibrary">
<arg>window.scrollTo(0, ${i})</arg>
<doc>Executes the given JavaScript code with possible arguments.</doc>
<msg timestamp="20231009 14:54:19.012" level="INFO">Executing JavaScript:
window.scrollTo(0, 1650)
Without any arguments.</msg>
<status status="PASS" starttime="20231009 14:54:19.011" endtime="20231009 14:54:19.051"/>
</kw>
<kw name="Sleep" library="BuiltIn">
<arg>1s</arg>
<doc>Pauses the test executed for the given time.</doc>
<msg timestamp="20231009 14:54:20.053" level="INFO">Slept 1 second</msg>
<status status="PASS" starttime="20231009 14:54:19.052" endtime="20231009 14:54:20.053"/>
</kw>
<status status="PASS" starttime="20231009 14:54:19.010" endtime="20231009 14:54:20.053"/>
</iter>
<iter>
<var name="${i}">1700</var>
<kw name="Execute Javascript" library="SeleniumLibrary">
<arg>window.scrollTo(0, ${i})</arg>
<doc>Executes the given JavaScript code with possible arguments.</doc>
<msg timestamp="20231009 14:54:20.055" level="INFO">Executing JavaScript:
window.scrollTo(0, 1700)
Without any arguments.</msg>
<status status="PASS" starttime="20231009 14:54:20.054" endtime="20231009 14:54:20.105"/>
</kw>
<kw name="Sleep" library="BuiltIn">
<arg>1s</arg>
<doc>Pauses the test executed for the given time.</doc>
<msg timestamp="20231009 14:54:21.107" level="INFO">Slept 1 second</msg>
<status status="PASS" starttime="20231009 14:54:20.105" endtime="20231009 14:54:21.107"/>
</kw>
<status status="PASS" starttime="20231009 14:54:20.053" endtime="20231009 14:54:21.107"/>
</iter>
<iter>
<var name="${i}">1750</var>
<kw name="Execute Javascript" library="SeleniumLibrary">
<arg>window.scrollTo(0, ${i})</arg>
<doc>Executes the given JavaScript code with possible arguments.</doc>
<msg timestamp="20231009 14:54:21.109" level="INFO">Executing JavaScript:
window.scrollTo(0, 1750)
Without any arguments.</msg>
<status status="PASS" starttime="20231009 14:54:21.108" endtime="20231009 14:54:21.137"/>
</kw>
<kw name="Sleep" library="BuiltIn">
<arg>1s</arg>
<doc>Pauses the test executed for the given time.</doc>
<msg timestamp="20231009 14:54:22.139" level="INFO">Slept 1 second</msg>
<status status="PASS" starttime="20231009 14:54:21.137" endtime="20231009 14:54:22.139"/>
</kw>
<status status="PASS" starttime="20231009 14:54:21.107" endtime="20231009 14:54:22.139"/>
</iter>
<iter>
<var name="${i}">1800</var>
<kw name="Execute Javascript" library="SeleniumLibrary">
<arg>window.scrollTo(0, ${i})</arg>
<doc>Executes the given JavaScript code with possible arguments.</doc>
<msg timestamp="20231009 14:54:22.142" level="INFO">Executing JavaScript:
window.scrollTo(0, 1800)
Without any arguments.</msg>
<status status="PASS" starttime="20231009 14:54:22.140" endtime="20231009 14:54:22.202"/>
</kw>
<kw name="Sleep" library="BuiltIn">
<arg>1s</arg>
<doc>Pauses the test executed for the given time.</doc>
<msg timestamp="20231009 14:54:23.203" level="INFO">Slept 1 second</msg>
<status status="PASS" starttime="20231009 14:54:22.202" endtime="20231009 14:54:23.203"/>
</kw>
<status status="PASS" starttime="20231009 14:54:22.139" endtime="20231009 14:54:23.203"/>
</iter>
<iter>
<var name="${i}">1850</var>
<kw name="Execute Javascript" library="SeleniumLibrary">
<arg>window.scrollTo(0, ${i})</arg>
<doc>Executes the given JavaScript code with possible arguments.</doc>
<msg timestamp="20231009 14:54:23.206" level="INFO">Executing JavaScript:
window.scrollTo(0, 1850)
Without any arguments.</msg>
<status status="PASS" starttime="20231009 14:54:23.204" endtime="20231009 14:54:23.230"/>
</kw>
<kw name="Sleep" library="BuiltIn">
<arg>1s</arg>
<doc>Pauses the test executed for the given time.</doc>
<msg timestamp="20231009 14:54:24.231" level="INFO">Slept 1 second</msg>
<status status="PASS" starttime="20231009 14:54:23.230" endtime="20231009 14:54:24.231"/>
</kw>
<status status="PASS" starttime="20231009 14:54:23.203" endtime="20231009 14:54:24.231"/>
</iter>
<iter>
<var name="${i}">1900</var>
<kw name="Execute Javascript" library="SeleniumLibrary">
<arg>window.scrollTo(0, ${i})</arg>
<doc>Executes the given JavaScript code with possible arguments.</doc>
<msg timestamp="20231009 14:54:24.233" level="INFO">Executing JavaScript:
window.scrollTo(0, 1900)
Without any arguments.</msg>
<status status="PASS" starttime="20231009 14:54:24.232" endtime="20231009 14:54:24.248"/>
</kw>
<kw name="Sleep" library="BuiltIn">
<arg>1s</arg>
<doc>Pauses the test executed for the given time.</doc>
<msg timestamp="20231009 14:54:25.248" level="INFO">Slept 1 second</msg>
<status status="PASS" starttime="20231009 14:54:24.248" endtime="20231009 14:54:25.248"/>
</kw>
<status status="PASS" starttime="20231009 14:54:24.231" endtime="20231009 14:54:25.248"/>
</iter>
<iter>
<var name="${i}">1950</var>
<kw name="Execute Javascript" library="SeleniumLibrary">
<arg>window.scrollTo(0, ${i})</arg>
<doc>Executes the given JavaScript code with possible arguments.</doc>
<msg timestamp="20231009 14:54:25.251" level="INFO">Executing JavaScript:
window.scrollTo(0, 1950)
Without any arguments.</msg>
<status status="PASS" starttime="20231009 14:54:25.249" endtime="20231009 14:54:25.285"/>
</kw>
<kw name="Sleep" library="BuiltIn">
<arg>1s</arg>
<doc>Pauses the test executed for the given time.</doc>
<msg timestamp="20231009 14:54:26.286" level="INFO">Slept 1 second</msg>
<status status="PASS" starttime="20231009 14:54:25.285" endtime="20231009 14:54:26.286"/>
</kw>
<status status="PASS" starttime="20231009 14:54:25.249" endtime="20231009 14:54:26.286"/>
</iter>
<iter>
<var name="${i}">2000</var>
<kw name="Execute Javascript" library="SeleniumLibrary">
<arg>window.scrollTo(0, ${i})</arg>
<doc>Executes the given JavaScript code with possible arguments.</doc>
<msg timestamp="20231009 14:54:26.288" level="INFO">Executing JavaScript:
window.scrollTo(0, 2000)
Without any arguments.</msg>
<status status="PASS" starttime="20231009 14:54:26.287" endtime="20231009 14:54:26.316"/>
</kw>
<kw name="Sleep" library="BuiltIn">
<arg>1s</arg>
<doc>Pauses the test executed for the given time.</doc>
<msg timestamp="20231009 14:54:27.317" level="INFO">Slept 1 second</msg>
<status status="PASS" starttime="20231009 14:54:26.316" endtime="20231009 14:54:27.317"/>
</kw>
<status status="PASS" starttime="20231009 14:54:26.286" endtime="20231009 14:54:27.317"/>
</iter>
<iter>
<var name="${i}">2050</var>
<kw name="Execute Javascript" library="SeleniumLibrary">
<arg>window.scrollTo(0, ${i})</arg>
<doc>Executes the given JavaScript code with possible arguments.</doc>
<msg timestamp="20231009 14:54:27.320" level="INFO">Executing JavaScript:
window.scrollTo(0, 2050)
Without any arguments.</msg>
<status status="PASS" starttime="20231009 14:54:27.317" endtime="20231009 14:54:27.348"/>
</kw>
<kw name="Sleep" library="BuiltIn">
<arg>1s</arg>
<doc>Pauses the test executed for the given time.</doc>
<msg timestamp="20231009 14:54:28.349" level="INFO">Slept 1 second</msg>
<status status="PASS" starttime="20231009 14:54:27.349" endtime="20231009 14:54:28.349"/>
</kw>
<status status="PASS" starttime="20231009 14:54:27.317" endtime="20231009 14:54:28.349"/>
</iter>
<iter>
<var name="${i}">2100</var>
<kw name="Execute Javascript" library="SeleniumLibrary">
<arg>window.scrollTo(0, ${i})</arg>
<doc>Executes the given JavaScript code with possible arguments.</doc>
<msg timestamp="20231009 14:54:28.351" level="INFO">Executing JavaScript:
window.scrollTo(0, 2100)
Without any arguments.</msg>
<status status="PASS" starttime="20231009 14:54:28.350" endtime="20231009 14:54:28.381"/>
</kw>
<kw name="Sleep" library="BuiltIn">
<arg>1s</arg>
<doc>Pauses the test executed for the given time.</doc>
<msg timestamp="20231009 14:54:29.381" level="INFO">Slept 1 second</msg>
<status status="PASS" starttime="20231009 14:54:28.381" endtime="20231009 14:54:29.381"/>
</kw>
<status status="PASS" starttime="20231009 14:54:28.349" endtime="20231009 14:54:29.381"/>
</iter>
<iter>
<var name="${i}">2150</var>
<kw name="Execute Javascript" library="SeleniumLibrary">
<arg>window.scrollTo(0, ${i})</arg>
<doc>Executes the given JavaScript code with possible arguments.</doc>
<msg timestamp="20231009 14:54:29.382" level="INFO">Executing JavaScript:
window.scrollTo(0, 2150)
Without any arguments.</msg>
<status status="PASS" starttime="20231009 14:54:29.381" endtime="20231009 14:54:29.396"/>
</kw>
<kw name="Sleep" library="BuiltIn">
<arg>1s</arg>
<doc>Pauses the test executed for the given time.</doc>
<msg timestamp="20231009 14:54:30.396" level="INFO">Slept 1 second</msg>
<status status="PASS" starttime="20231009 14:54:29.396" endtime="20231009 14:54:30.396"/>
</kw>
<status status="PASS" starttime="20231009 14:54:29.381" endtime="20231009 14:54:30.396"/>
</iter>
<iter>
<var name="${i}">2200</var>
<kw name="Execute Javascript" library="SeleniumLibrary">
<arg>window.scrollTo(0, ${i})</arg>
<doc>Executes the given JavaScript code with possible arguments.</doc>
<msg timestamp="20231009 14:54:30.399" level="INFO">Executing JavaScript:
window.scrollTo(0, 2200)
Without any arguments.</msg>
<status status="PASS" starttime="20231009 14:54:30.397" endtime="20231009 14:54:30.450"/>
</kw>
<kw name="Sleep" library="BuiltIn">
<arg>1s</arg>
<doc>Pauses the test executed for the given time.</doc>
<msg timestamp="20231009 14:54:31.451" level="INFO">Slept 1 second</msg>
<status status="PASS" starttime="20231009 14:54:30.450" endtime="20231009 14:54:31.451"/>
</kw>
<status status="PASS" starttime="20231009 14:54:30.397" endtime="20231009 14:54:31.451"/>
</iter>
<iter>
<var name="${i}">2250</var>
<kw name="Execute Javascript" library="SeleniumLibrary">
<arg>window.scrollTo(0, ${i})</arg>
<doc>Executes the given JavaScript code with possible arguments.</doc>
<msg timestamp="20231009 14:54:31.452" level="INFO">Executing JavaScript:
window.scrollTo(0, 2250)
Without any arguments.</msg>
<status status="PASS" starttime="20231009 14:54:31.451" endtime="20231009 14:54:31.464"/>
</kw>
<kw name="Sleep" library="BuiltIn">
<arg>1s</arg>
<doc>Pauses the test executed for the given time.</doc>
<msg timestamp="20231009 14:54:32.465" level="INFO">Slept 1 second</msg>
<status status="PASS" starttime="20231009 14:54:31.465" endtime="20231009 14:54:32.465"/>
</kw>
<status status="PASS" starttime="20231009 14:54:31.451" endtime="20231009 14:54:32.465"/>
</iter>
<iter>
<var name="${i}">2300</var>
<kw name="Execute Javascript" library="SeleniumLibrary">
<arg>window.scrollTo(0, ${i})</arg>
<doc>Executes the given JavaScript code with possible arguments.</doc>
<msg timestamp="20231009 14:54:32.468" level="INFO">Executing JavaScript:
window.scrollTo(0, 2300)
Without any arguments.</msg>
<status status="PASS" starttime="20231009 14:54:32.467" endtime="20231009 14:54:32.499"/>
</kw>
<kw name="Sleep" library="BuiltIn">
<arg>1s</arg>
<doc>Pauses the test executed for the given time.</doc>
<msg timestamp="20231009 14:54:33.500" level="INFO">Slept 1 second</msg>
<status status="PASS" starttime="20231009 14:54:32.499" endtime="20231009 14:54:33.500"/>
</kw>
<status status="PASS" starttime="20231009 14:54:32.465" endtime="20231009 14:54:33.500"/>
</iter>
<iter>
<var name="${i}">2350</var>
<kw name="Execute Javascript" library="SeleniumLibrary">
<arg>window.scrollTo(0, ${i})</arg>
<doc>Executes the given JavaScript code with possible arguments.</doc>
<msg timestamp="20231009 14:54:33.502" level="INFO">Executing JavaScript:
window.scrollTo(0, 2350)
Without any arguments.</msg>
<status status="PASS" starttime="20231009 14:54:33.501" endtime="20231009 14:54:33.516"/>
</kw>
<kw name="Sleep" library="BuiltIn">
<arg>1s</arg>
<doc>Pauses the test executed for the given time.</doc>
<msg timestamp="20231009 14:54:34.516" level="INFO">Slept 1 second</msg>
<status status="PASS" starttime="20231009 14:54:33.516" endtime="20231009 14:54:34.516"/>
</kw>
<status status="PASS" starttime="20231009 14:54:33.500" endtime="20231009 14:54:34.516"/>
</iter>
<iter>
<var name="${i}">2400</var>
<kw name="Execute Javascript" library="SeleniumLibrary">
<arg>window.scrollTo(0, ${i})</arg>
<doc>Executes the given JavaScript code with possible arguments.</doc>
<msg timestamp="20231009 14:54:34.517" level="INFO">Executing JavaScript:
window.scrollTo(0, 2400)
Without any arguments.</msg>
<status status="PASS" starttime="20231009 14:54:34.516" endtime="20231009 14:54:34.531"/>
</kw>
<kw name="Sleep" library="BuiltIn">
<arg>1s</arg>
<doc>Pauses the test executed for the given time.</doc>
<msg timestamp="20231009 14:54:35.532" level="INFO">Slept 1 second</msg>
<status status="PASS" starttime="20231009 14:54:34.531" endtime="20231009 14:54:35.532"/>
</kw>
<status status="PASS" starttime="20231009 14:54:34.516" endtime="20231009 14:54:35.532"/>
</iter>
<iter>
<var name="${i}">2450</var>
<kw name="Execute Javascript" library="SeleniumLibrary">
<arg>window.scrollTo(0, ${i})</arg>
<doc>Executes the given JavaScript code with possible arguments.</doc>
<msg timestamp="20231009 14:54:35.535" level="INFO">Executing JavaScript:
window.scrollTo(0, 2450)
Without any arguments.</msg>
<status status="PASS" starttime="20231009 14:54:35.533" endtime="20231009 14:54:35.566"/>
</kw>
<kw name="Sleep" library="BuiltIn">
<arg>1s</arg>
<doc>Pauses the test executed for the given time.</doc>
<msg timestamp="20231009 14:54:36.567" level="INFO">Slept 1 second</msg>
<status status="PASS" starttime="20231009 14:54:35.567" endtime="20231009 14:54:36.567"/>
</kw>
<status status="PASS" starttime="20231009 14:54:35.533" endtime="20231009 14:54:36.567"/>
</iter>
<iter>
<var name="${i}">2500</var>
<kw name="Execute Javascript" library="SeleniumLibrary">
<arg>window.scrollTo(0, ${i})</arg>
<doc>Executes the given JavaScript code with possible arguments.</doc>
<msg timestamp="20231009 14:54:36.568" level="INFO">Executing JavaScript:
window.scrollTo(0, 2500)
Without any arguments.</msg>
<status status="PASS" starttime="20231009 14:54:36.568" endtime="20231009 14:54:36.585"/>
</kw>
<kw name="Sleep" library="BuiltIn">
<arg>1s</arg>
<doc>Pauses the test executed for the given time.</doc>
<msg timestamp="20231009 14:54:37.587" level="INFO">Slept 1 second</msg>
<status status="PASS" starttime="20231009 14:54:36.585" endtime="20231009 14:54:37.587"/>
</kw>
<status status="PASS" starttime="20231009 14:54:36.567" endtime="20231009 14:54:37.587"/>
</iter>
<iter>
<var name="${i}">2550</var>
<kw name="Execute Javascript" library="SeleniumLibrary">
<arg>window.scrollTo(0, ${i})</arg>
<doc>Executes the given JavaScript code with possible arguments.</doc>
<msg timestamp="20231009 14:54:37.588" level="INFO">Executing JavaScript:
window.scrollTo(0, 2550)
Without any arguments.</msg>
<status status="PASS" starttime="20231009 14:54:37.587" endtime="20231009 14:54:37.598"/>
</kw>
<kw name="Sleep" library="BuiltIn">
<arg>1s</arg>
<doc>Pauses the test executed for the given time.</doc>
<msg timestamp="20231009 14:54:38.600" level="INFO">Slept 1 second</msg>
<status status="PASS" starttime="20231009 14:54:37.599" endtime="20231009 14:54:38.600"/>
</kw>
<status status="PASS" starttime="20231009 14:54:37.587" endtime="20231009 14:54:38.600"/>
</iter>
<iter>
<var name="${i}">2600</var>
<kw name="Execute Javascript" library="SeleniumLibrary">
<arg>window.scrollTo(0, ${i})</arg>
<doc>Executes the given JavaScript code with possible arguments.</doc>
<msg timestamp="20231009 14:54:38.601" level="INFO">Executing JavaScript:
window.scrollTo(0, 2600)
Without any arguments.</msg>
<status status="PASS" starttime="20231009 14:54:38.600" endtime="20231009 14:54:38.613"/>
</kw>
<kw name="Sleep" library="BuiltIn">
<arg>1s</arg>
<doc>Pauses the test executed for the given time.</doc>
<msg timestamp="20231009 14:54:39.613" level="INFO">Slept 1 second</msg>
<status status="PASS" starttime="20231009 14:54:38.613" endtime="20231009 14:54:39.613"/>
</kw>
<status status="PASS" starttime="20231009 14:54:38.600" endtime="20231009 14:54:39.613"/>
</iter>
<iter>
<var name="${i}">2650</var>
<kw name="Execute Javascript" library="SeleniumLibrary">
<arg>window.scrollTo(0, ${i})</arg>
<doc>Executes the given JavaScript code with possible arguments.</doc>
<msg timestamp="20231009 14:54:39.616" level="INFO">Executing JavaScript:
window.scrollTo(0, 2650)
Without any arguments.</msg>
<status status="PASS" starttime="20231009 14:54:39.615" endtime="20231009 14:54:39.649"/>
</kw>
<kw name="Sleep" library="BuiltIn">
<arg>1s</arg>
<doc>Pauses the test executed for the given time.</doc>
<msg timestamp="20231009 14:54:40.650" level="INFO">Slept 1 second</msg>
<status status="PASS" starttime="20231009 14:54:39.649" endtime="20231009 14:54:40.650"/>
</kw>
<status status="PASS" starttime="20231009 14:54:39.613" endtime="20231009 14:54:40.650"/>
</iter>
<iter>
<var name="${i}">2700</var>
<kw name="Execute Javascript" library="SeleniumLibrary">
<arg>window.scrollTo(0, ${i})</arg>
<doc>Executes the given JavaScript code with possible arguments.</doc>
<msg timestamp="20231009 14:54:40.652" level="INFO">Executing JavaScript:
window.scrollTo(0, 2700)
Without any arguments.</msg>
<status status="PASS" starttime="20231009 14:54:40.651" endtime="20231009 14:54:40.670"/>
</kw>
<kw name="Sleep" library="BuiltIn">
<arg>1s</arg>
<doc>Pauses the test executed for the given time.</doc>
<msg timestamp="20231009 14:54:41.671" level="INFO">Slept 1 second</msg>
<status status="PASS" starttime="20231009 14:54:40.670" endtime="20231009 14:54:41.671"/>
</kw>
<status status="PASS" starttime="20231009 14:54:40.651" endtime="20231009 14:54:41.671"/>
</iter>
<iter>
<var name="${i}">2750</var>
<kw name="Execute Javascript" library="SeleniumLibrary">
<arg>window.scrollTo(0, ${i})</arg>
<doc>Executes the given JavaScript code with possible arguments.</doc>
<msg timestamp="20231009 14:54:41.673" level="INFO">Executing JavaScript:
window.scrollTo(0, 2750)
Without any arguments.</msg>
<status status="PASS" starttime="20231009 14:54:41.672" endtime="20231009 14:54:41.752"/>
</kw>
<kw name="Sleep" library="BuiltIn">
<arg>1s</arg>
<doc>Pauses the test executed for the given time.</doc>
<msg timestamp="20231009 14:54:42.754" level="INFO">Slept 1 second</msg>
<status status="PASS" starttime="20231009 14:54:41.753" endtime="20231009 14:54:42.754"/>
</kw>
<status status="PASS" starttime="20231009 14:54:41.671" endtime="20231009 14:54:42.755"/>
</iter>
<iter>
<var name="${i}">2800</var>
<kw name="Execute Javascript" library="SeleniumLibrary">
<arg>window.scrollTo(0, ${i})</arg>
<doc>Executes the given JavaScript code with possible arguments.</doc>
<msg timestamp="20231009 14:54:42.756" level="INFO">Executing JavaScript:
window.scrollTo(0, 2800)
Without any arguments.</msg>
<status status="PASS" starttime="20231009 14:54:42.755" endtime="20231009 14:54:42.817"/>
</kw>
<kw name="Sleep" library="BuiltIn">
<arg>1s</arg>
<doc>Pauses the test executed for the given time.</doc>
<msg timestamp="20231009 14:54:43.817" level="INFO">Slept 1 second</msg>
<status status="PASS" starttime="20231009 14:54:42.817" endtime="20231009 14:54:43.817"/>
</kw>
<status status="PASS" starttime="20231009 14:54:42.755" endtime="20231009 14:54:43.817"/>
</iter>
<iter>
<var name="${i}">2850</var>
<kw name="Execute Javascript" library="SeleniumLibrary">
<arg>window.scrollTo(0, ${i})</arg>
<doc>Executes the given JavaScript code with possible arguments.</doc>
<msg timestamp="20231009 14:54:43.820" level="INFO">Executing JavaScript:
window.scrollTo(0, 2850)
Without any arguments.</msg>
<status status="PASS" starttime="20231009 14:54:43.818" endtime="20231009 14:54:43.847"/>
</kw>
<kw name="Sleep" library="BuiltIn">
<arg>1s</arg>
<doc>Pauses the test executed for the given time.</doc>
<msg timestamp="20231009 14:54:44.848" level="INFO">Slept 1 second</msg>
<status status="PASS" starttime="20231009 14:54:43.848" endtime="20231009 14:54:44.848"/>
</kw>
<status status="PASS" starttime="20231009 14:54:43.817" endtime="20231009 14:54:44.848"/>
</iter>
<iter>
<var name="${i}">2900</var>
<kw name="Execute Javascript" library="SeleniumLibrary">
<arg>window.scrollTo(0, ${i})</arg>
<doc>Executes the given JavaScript code with possible arguments.</doc>
<msg timestamp="20231009 14:54:44.850" level="INFO">Executing JavaScript:
window.scrollTo(0, 2900)
Without any arguments.</msg>
<status status="PASS" starttime="20231009 14:54:44.849" endtime="20231009 14:54:44.872"/>
</kw>
<kw name="Sleep" library="BuiltIn">
<arg>1s</arg>
<doc>Pauses the test executed for the given time.</doc>
<msg timestamp="20231009 14:54:45.873" level="INFO">Slept 1 second</msg>
<status status="PASS" starttime="20231009 14:54:44.872" endtime="20231009 14:54:45.873"/>
</kw>
<status status="PASS" starttime="20231009 14:54:44.848" endtime="20231009 14:54:45.873"/>
</iter>
<iter>
<var name="${i}">2950</var>
<kw name="Execute Javascript" library="SeleniumLibrary">
<arg>window.scrollTo(0, ${i})</arg>
<doc>Executes the given JavaScript code with possible arguments.</doc>
<msg timestamp="20231009 14:54:45.874" level="INFO">Executing JavaScript:
window.scrollTo(0, 2950)
Without any arguments.</msg>
<status status="PASS" starttime="20231009 14:54:45.874" endtime="20231009 14:54:45.905"/>
</kw>
<kw name="Sleep" library="BuiltIn">
<arg>1s</arg>
<doc>Pauses the test executed for the given time.</doc>
<msg timestamp="20231009 14:54:46.906" level="INFO">Slept 1 second</msg>
<status status="PASS" starttime="20231009 14:54:45.905" endtime="20231009 14:54:46.906"/>
</kw>
<status status="PASS" starttime="20231009 14:54:45.874" endtime="20231009 14:54:46.906"/>
</iter>
<iter>
<var name="${i}">3000</var>
<kw name="Execute Javascript" library="SeleniumLibrary">
<arg>window.scrollTo(0, ${i})</arg>
<doc>Executes the given JavaScript code with possible arguments.</doc>
<msg timestamp="20231009 14:54:46.908" level="INFO">Executing JavaScript:
window.scrollTo(0, 3000)
Without any arguments.</msg>
<status status="PASS" starttime="20231009 14:54:46.906" endtime="20231009 14:54:46.937"/>
</kw>
<kw name="Sleep" library="BuiltIn">
<arg>1s</arg>
<doc>Pauses the test executed for the given time.</doc>
<msg timestamp="20231009 14:54:47.937" level="INFO">Slept 1 second</msg>
<status status="PASS" starttime="20231009 14:54:46.937" endtime="20231009 14:54:47.937"/>
</kw>
<status status="PASS" starttime="20231009 14:54:46.906" endtime="20231009 14:54:47.938"/>
</iter>
<iter>
<var name="${i}">3050</var>
<kw name="Execute Javascript" library="SeleniumLibrary">
<arg>window.scrollTo(0, ${i})</arg>
<doc>Executes the given JavaScript code with possible arguments.</doc>
<msg timestamp="20231009 14:54:47.941" level="INFO">Executing JavaScript:
window.scrollTo(0, 3050)
Without any arguments.</msg>
<status status="PASS" starttime="20231009 14:54:47.939" endtime="20231009 14:54:48.031"/>
</kw>
<kw name="Sleep" library="BuiltIn">
<arg>1s</arg>
<doc>Pauses the test executed for the given time.</doc>
<msg timestamp="20231009 14:54:49.031" level="INFO">Slept 1 second</msg>
<status status="PASS" starttime="20231009 14:54:48.031" endtime="20231009 14:54:49.031"/>
</kw>
<status status="PASS" starttime="20231009 14:54:47.938" endtime="20231009 14:54:49.031"/>
</iter>
<iter>
<var name="${i}">3100</var>
<kw name="Execute Javascript" library="SeleniumLibrary">
<arg>window.scrollTo(0, ${i})</arg>
<doc>Executes the given JavaScript code with possible arguments.</doc>
<msg timestamp="20231009 14:54:49.034" level="INFO">Executing JavaScript:
window.scrollTo(0, 3100)
Without any arguments.</msg>
<status status="PASS" starttime="20231009 14:54:49.033" endtime="20231009 14:54:49.054"/>
</kw>
<kw name="Sleep" library="BuiltIn">
<arg>1s</arg>
<doc>Pauses the test executed for the given time.</doc>
<msg timestamp="20231009 14:54:50.056" level="INFO">Slept 1 second</msg>
<status status="PASS" starttime="20231009 14:54:49.055" endtime="20231009 14:54:50.056"/>
</kw>
<status status="PASS" starttime="20231009 14:54:49.031" endtime="20231009 14:54:50.056"/>
</iter>
<iter>
<var name="${i}">3150</var>
<kw name="Execute Javascript" library="SeleniumLibrary">
<arg>window.scrollTo(0, ${i})</arg>
<doc>Executes the given JavaScript code with possible arguments.</doc>
<msg timestamp="20231009 14:54:50.057" level="INFO">Executing JavaScript:
window.scrollTo(0, 3150)
Without any arguments.</msg>
<status status="PASS" starttime="20231009 14:54:50.056" endtime="20231009 14:54:50.069"/>
</kw>
<kw name="Sleep" library="BuiltIn">
<arg>1s</arg>
<doc>Pauses the test executed for the given time.</doc>
<msg timestamp="20231009 14:54:51.071" level="INFO">Slept 1 second</msg>
<status status="PASS" starttime="20231009 14:54:50.069" endtime="20231009 14:54:51.071"/>
</kw>
<status status="PASS" starttime="20231009 14:54:50.056" endtime="20231009 14:54:51.071"/>
</iter>
<iter>
<var name="${i}">3200</var>
<kw name="Execute Javascript" library="SeleniumLibrary">
<arg>window.scrollTo(0, ${i})</arg>
<doc>Executes the given JavaScript code with possible arguments.</doc>
<msg timestamp="20231009 14:54:51.073" level="INFO">Executing JavaScript:
window.scrollTo(0, 3200)
Without any arguments.</msg>
<status status="PASS" starttime="20231009 14:54:51.072" endtime="20231009 14:54:51.088"/>
</kw>
<kw name="Sleep" library="BuiltIn">
<arg>1s</arg>
<doc>Pauses the test executed for the given time.</doc>
<msg timestamp="20231009 14:54:52.088" level="INFO">Slept 1 second</msg>
<status status="PASS" starttime="20231009 14:54:51.088" endtime="20231009 14:54:52.088"/>
</kw>
<status status="PASS" starttime="20231009 14:54:51.071" endtime="20231009 14:54:52.088"/>
</iter>
<iter>
<var name="${i}">3250</var>
<kw name="Execute Javascript" library="SeleniumLibrary">
<arg>window.scrollTo(0, ${i})</arg>
<doc>Executes the given JavaScript code with possible arguments.</doc>
<msg timestamp="20231009 14:54:52.089" level="INFO">Executing JavaScript:
window.scrollTo(0, 3250)
Without any arguments.</msg>
<status status="PASS" starttime="20231009 14:54:52.088" endtime="20231009 14:54:52.105"/>
</kw>
<kw name="Sleep" library="BuiltIn">
<arg>1s</arg>
<doc>Pauses the test executed for the given time.</doc>
<msg timestamp="20231009 14:54:53.105" level="INFO">Slept 1 second</msg>
<status status="PASS" starttime="20231009 14:54:52.105" endtime="20231009 14:54:53.105"/>
</kw>
<status status="PASS" starttime="20231009 14:54:52.088" endtime="20231009 14:54:53.105"/>
</iter>
<iter>
<var name="${i}">3300</var>
<kw name="Execute Javascript" library="SeleniumLibrary">
<arg>window.scrollTo(0, ${i})</arg>
<doc>Executes the given JavaScript code with possible arguments.</doc>
<msg timestamp="20231009 14:54:53.107" level="INFO">Executing JavaScript:
window.scrollTo(0, 3300)
Without any arguments.</msg>
<status status="PASS" starttime="20231009 14:54:53.107" endtime="20231009 14:54:53.227"/>
</kw>
<kw name="Sleep" library="BuiltIn">
<arg>1s</arg>
<doc>Pauses the test executed for the given time.</doc>
<msg timestamp="20231009 14:54:54.228" level="INFO">Slept 1 second</msg>
<status status="PASS" starttime="20231009 14:54:53.228" endtime="20231009 14:54:54.228"/>
</kw>
<status status="PASS" starttime="20231009 14:54:53.105" endtime="20231009 14:54:54.228"/>
</iter>
<iter>
<var name="${i}">3350</var>
<kw name="Execute Javascript" library="SeleniumLibrary">
<arg>window.scrollTo(0, ${i})</arg>
<doc>Executes the given JavaScript code with possible arguments.</doc>
<msg timestamp="20231009 14:54:54.231" level="INFO">Executing JavaScript:
window.scrollTo(0, 3350)
Without any arguments.</msg>
<status status="PASS" starttime="20231009 14:54:54.230" endtime="20231009 14:54:54.286"/>
</kw>
<kw name="Sleep" library="BuiltIn">
<arg>1s</arg>
<doc>Pauses the test executed for the given time.</doc>
<msg timestamp="20231009 14:54:55.287" level="INFO">Slept 1 second</msg>
<status status="PASS" starttime="20231009 14:54:54.286" endtime="20231009 14:54:55.287"/>
</kw>
<status status="PASS" starttime="20231009 14:54:54.229" endtime="20231009 14:54:55.287"/>
</iter>
<iter>
<var name="${i}">3400</var>
<kw name="Execute Javascript" library="SeleniumLibrary">
<arg>window.scrollTo(0, ${i})</arg>
<doc>Executes the given JavaScript code with possible arguments.</doc>
<msg timestamp="20231009 14:54:55.289" level="INFO">Executing JavaScript:
window.scrollTo(0, 3400)
Without any arguments.</msg>
<status status="PASS" starttime="20231009 14:54:55.287" endtime="20231009 14:54:55.306"/>
</kw>
<kw name="Sleep" library="BuiltIn">
<arg>1s</arg>
<doc>Pauses the test executed for the given time.</doc>
<msg timestamp="20231009 14:54:56.307" level="INFO">Slept 1 second</msg>
<status status="PASS" starttime="20231009 14:54:55.306" endtime="20231009 14:54:56.307"/>
</kw>
<status status="PASS" starttime="20231009 14:54:55.287" endtime="20231009 14:54:56.308"/>
</iter>
<iter>
<var name="${i}">3450</var>
<kw name="Execute Javascript" library="SeleniumLibrary">
<arg>window.scrollTo(0, ${i})</arg>
<doc>Executes the given JavaScript code with possible arguments.</doc>
<msg timestamp="20231009 14:54:56.310" level="INFO">Executing JavaScript:
window.scrollTo(0, 3450)
Without any arguments.</msg>
<status status="PASS" starttime="20231009 14:54:56.309" endtime="20231009 14:54:56.345"/>
</kw>
<kw name="Sleep" library="BuiltIn">
<arg>1s</arg>
<doc>Pauses the test executed for the given time.</doc>
<msg timestamp="20231009 14:54:57.347" level="INFO">Slept 1 second</msg>
<status status="PASS" starttime="20231009 14:54:56.346" endtime="20231009 14:54:57.347"/>
</kw>
<status status="PASS" starttime="20231009 14:54:56.308" endtime="20231009 14:54:57.347"/>
</iter>
<iter>
<var name="${i}">3500</var>
<kw name="Execute Javascript" library="SeleniumLibrary">
<arg>window.scrollTo(0, ${i})</arg>
<doc>Executes the given JavaScript code with possible arguments.</doc>
<msg timestamp="20231009 14:54:57.349" level="INFO">Executing JavaScript:
window.scrollTo(0, 3500)
Without any arguments.</msg>
<status status="PASS" starttime="20231009 14:54:57.348" endtime="20231009 14:54:57.372"/>
</kw>
<kw name="Sleep" library="BuiltIn">
<arg>1s</arg>
<doc>Pauses the test executed for the given time.</doc>
<msg timestamp="20231009 14:54:58.374" level="INFO">Slept 1 second</msg>
<status status="PASS" starttime="20231009 14:54:57.372" endtime="20231009 14:54:58.374"/>
</kw>
<status status="PASS" starttime="20231009 14:54:57.347" endtime="20231009 14:54:58.374"/>
</iter>
<iter>
<var name="${i}">3550</var>
<kw name="Execute Javascript" library="SeleniumLibrary">
<arg>window.scrollTo(0, ${i})</arg>
<doc>Executes the given JavaScript code with possible arguments.</doc>
<msg timestamp="20231009 14:54:58.376" level="INFO">Executing JavaScript:
window.scrollTo(0, 3550)
Without any arguments.</msg>
<status status="PASS" starttime="20231009 14:54:58.374" endtime="20231009 14:54:58.428"/>
</kw>
<kw name="Sleep" library="BuiltIn">
<arg>1s</arg>
<doc>Pauses the test executed for the given time.</doc>
<msg timestamp="20231009 14:54:59.429" level="INFO">Slept 1 second</msg>
<status status="PASS" starttime="20231009 14:54:58.428" endtime="20231009 14:54:59.429"/>
</kw>
<status status="PASS" starttime="20231009 14:54:58.374" endtime="20231009 14:54:59.429"/>
</iter>
<iter>
<var name="${i}">3600</var>
<kw name="Execute Javascript" library="SeleniumLibrary">
<arg>window.scrollTo(0, ${i})</arg>
<doc>Executes the given JavaScript code with possible arguments.</doc>
<msg timestamp="20231009 14:54:59.431" level="INFO">Executing JavaScript:
window.scrollTo(0, 3600)
Without any arguments.</msg>
<status status="PASS" starttime="20231009 14:54:59.430" endtime="20231009 14:54:59.452"/>
</kw>
<kw name="Sleep" library="BuiltIn">
<arg>1s</arg>
<doc>Pauses the test executed for the given time.</doc>
<msg timestamp="20231009 14:55:00.454" level="INFO">Slept 1 second</msg>
<status status="PASS" starttime="20231009 14:54:59.452" endtime="20231009 14:55:00.454"/>
</kw>
<status status="PASS" starttime="20231009 14:54:59.430" endtime="20231009 14:55:00.454"/>
</iter>
<iter>
<var name="${i}">3650</var>
<kw name="Execute Javascript" library="SeleniumLibrary">
<arg>window.scrollTo(0, ${i})</arg>
<doc>Executes the given JavaScript code with possible arguments.</doc>
<msg timestamp="20231009 14:55:00.457" level="INFO">Executing JavaScript:
window.scrollTo(0, 3650)
Without any arguments.</msg>
<status status="PASS" starttime="20231009 14:55:00.455" endtime="20231009 14:55:00.522"/>
</kw>
<kw name="Sleep" library="BuiltIn">
<arg>1s</arg>
<doc>Pauses the test executed for the given time.</doc>
<msg timestamp="20231009 14:55:01.523" level="INFO">Slept 1 second</msg>
<status status="PASS" starttime="20231009 14:55:00.522" endtime="20231009 14:55:01.523"/>
</kw>
<status status="PASS" starttime="20231009 14:55:00.455" endtime="20231009 14:55:01.524"/>
</iter>
<iter>
<var name="${i}">3700</var>
<kw name="Execute Javascript" library="SeleniumLibrary">
<arg>window.scrollTo(0, ${i})</arg>
<doc>Executes the given JavaScript code with possible arguments.</doc>
<msg timestamp="20231009 14:55:01.526" level="INFO">Executing JavaScript:
window.scrollTo(0, 3700)
Without any arguments.</msg>
<status status="PASS" starttime="20231009 14:55:01.525" endtime="20231009 14:55:01.588"/>
</kw>
<kw name="Sleep" library="BuiltIn">
<arg>1s</arg>
<doc>Pauses the test executed for the given time.</doc>
<msg timestamp="20231009 14:55:02.588" level="INFO">Slept 1 second</msg>
<status status="PASS" starttime="20231009 14:55:01.588" endtime="20231009 14:55:02.588"/>
</kw>
<status status="PASS" starttime="20231009 14:55:01.524" endtime="20231009 14:55:02.588"/>
</iter>
<iter>
<var name="${i}">3750</var>
<kw name="Execute Javascript" library="SeleniumLibrary">
<arg>window.scrollTo(0, ${i})</arg>
<doc>Executes the given JavaScript code with possible arguments.</doc>
<msg timestamp="20231009 14:55:02.589" level="INFO">Executing JavaScript:
window.scrollTo(0, 3750)
Without any arguments.</msg>
<status status="PASS" starttime="20231009 14:55:02.588" endtime="20231009 14:55:02.620"/>
</kw>
<kw name="Sleep" library="BuiltIn">
<arg>1s</arg>
<doc>Pauses the test executed for the given time.</doc>
<msg timestamp="20231009 14:55:03.621" level="INFO">Slept 1 second</msg>
<status status="PASS" starttime="20231009 14:55:02.620" endtime="20231009 14:55:03.621"/>
</kw>
<status status="PASS" starttime="20231009 14:55:02.588" endtime="20231009 14:55:03.621"/>
</iter>
<iter>
<var name="${i}">3800</var>
<kw name="Execute Javascript" library="SeleniumLibrary">
<arg>window.scrollTo(0, ${i})</arg>
<doc>Executes the given JavaScript code with possible arguments.</doc>
<msg timestamp="20231009 14:55:03.623" level="INFO">Executing JavaScript:
window.scrollTo(0, 3800)
Without any arguments.</msg>
<status status="PASS" starttime="20231009 14:55:03.621" endtime="20231009 14:55:03.654"/>
</kw>
<kw name="Sleep" library="BuiltIn">
<arg>1s</arg>
<doc>Pauses the test executed for the given time.</doc>
<msg timestamp="20231009 14:55:04.656" level="INFO">Slept 1 second</msg>
<status status="PASS" starttime="20231009 14:55:03.655" endtime="20231009 14:55:04.656"/>
</kw>
<status status="PASS" starttime="20231009 14:55:03.621" endtime="20231009 14:55:04.656"/>
</iter>
<iter>
<var name="${i}">3850</var>
<kw name="Execute Javascript" library="SeleniumLibrary">
<arg>window.scrollTo(0, ${i})</arg>
<doc>Executes the given JavaScript code with possible arguments.</doc>
<msg timestamp="20231009 14:55:04.657" level="INFO">Executing JavaScript:
window.scrollTo(0, 3850)
Without any arguments.</msg>
<status status="PASS" starttime="20231009 14:55:04.656" endtime="20231009 14:55:04.687"/>
</kw>
<kw name="Sleep" library="BuiltIn">
<arg>1s</arg>
<doc>Pauses the test executed for the given time.</doc>
<msg timestamp="20231009 14:55:05.687" level="INFO">Slept 1 second</msg>
<status status="PASS" starttime="20231009 14:55:04.687" endtime="20231009 14:55:05.687"/>
</kw>
<status status="PASS" starttime="20231009 14:55:04.656" endtime="20231009 14:55:05.687"/>
</iter>
<iter>
<var name="${i}">3900</var>
<kw name="Execute Javascript" library="SeleniumLibrary">
<arg>window.scrollTo(0, ${i})</arg>
<doc>Executes the given JavaScript code with possible arguments.</doc>
<msg timestamp="20231009 14:55:05.689" level="INFO">Executing JavaScript:
window.scrollTo(0, 3900)
Without any arguments.</msg>
<status status="PASS" starttime="20231009 14:55:05.688" endtime="20231009 14:55:05.782"/>
</kw>
<kw name="Sleep" library="BuiltIn">
<arg>1s</arg>
<doc>Pauses the test executed for the given time.</doc>
<msg timestamp="20231009 14:55:06.784" level="INFO">Slept 1 second</msg>
<status status="PASS" starttime="20231009 14:55:05.782" endtime="20231009 14:55:06.784"/>
</kw>
<status status="PASS" starttime="20231009 14:55:05.687" endtime="20231009 14:55:06.784"/>
</iter>
<iter>
<var name="${i}">3950</var>
<kw name="Execute Javascript" library="SeleniumLibrary">
<arg>window.scrollTo(0, ${i})</arg>
<doc>Executes the given JavaScript code with possible arguments.</doc>
<msg timestamp="20231009 14:55:06.786" level="INFO">Executing JavaScript:
window.scrollTo(0, 3950)
Without any arguments.</msg>
<status status="PASS" starttime="20231009 14:55:06.785" endtime="20231009 14:55:06.804"/>
</kw>
<kw name="Sleep" library="BuiltIn">
<arg>1s</arg>
<doc>Pauses the test executed for the given time.</doc>
<msg timestamp="20231009 14:55:07.806" level="INFO">Slept 1 second</msg>
<status status="PASS" starttime="20231009 14:55:06.806" endtime="20231009 14:55:07.806"/>
</kw>
<status status="PASS" starttime="20231009 14:55:06.785" endtime="20231009 14:55:07.806"/>
</iter>
<iter>
<var name="${i}">4000</var>
<kw name="Execute Javascript" library="SeleniumLibrary">
<arg>window.scrollTo(0, ${i})</arg>
<doc>Executes the given JavaScript code with possible arguments.</doc>
<msg timestamp="20231009 14:55:07.808" level="INFO">Executing JavaScript:
window.scrollTo(0, 4000)
Without any arguments.</msg>
<status status="PASS" starttime="20231009 14:55:07.807" endtime="20231009 14:55:07.837"/>
</kw>
<kw name="Sleep" library="BuiltIn">
<arg>1s</arg>
<doc>Pauses the test executed for the given time.</doc>
<msg timestamp="20231009 14:55:08.839" level="INFO">Slept 1 second</msg>
<status status="PASS" starttime="20231009 14:55:07.837" endtime="20231009 14:55:08.839"/>
</kw>
<status status="PASS" starttime="20231009 14:55:07.806" endtime="20231009 14:55:08.839"/>
</iter>
<iter>
<var name="${i}">4050</var>
<kw name="Execute Javascript" library="SeleniumLibrary">
<arg>window.scrollTo(0, ${i})</arg>
<doc>Executes the given JavaScript code with possible arguments.</doc>
<msg timestamp="20231009 14:55:08.841" level="INFO">Executing JavaScript:
window.scrollTo(0, 4050)
Without any arguments.</msg>
<status status="PASS" starttime="20231009 14:55:08.839" endtime="20231009 14:55:08.855"/>
</kw>
<kw name="Sleep" library="BuiltIn">
<arg>1s</arg>
<doc>Pauses the test executed for the given time.</doc>
<msg timestamp="20231009 14:55:09.856" level="INFO">Slept 1 second</msg>
<status status="PASS" starttime="20231009 14:55:08.856" endtime="20231009 14:55:09.856"/>
</kw>
<status status="PASS" starttime="20231009 14:55:08.839" endtime="20231009 14:55:09.856"/>
</iter>
<iter>
<var name="${i}">4100</var>
<kw name="Execute Javascript" library="SeleniumLibrary">
<arg>window.scrollTo(0, ${i})</arg>
<doc>Executes the given JavaScript code with possible arguments.</doc>
<msg timestamp="20231009 14:55:09.858" level="INFO">Executing JavaScript:
window.scrollTo(0, 4100)
Without any arguments.</msg>
<status status="PASS" starttime="20231009 14:55:09.857" endtime="20231009 14:55:09.885"/>
</kw>
<kw name="Sleep" library="BuiltIn">
<arg>1s</arg>
<doc>Pauses the test executed for the given time.</doc>
<msg timestamp="20231009 14:55:10.886" level="INFO">Slept 1 second</msg>
<status status="PASS" starttime="20231009 14:55:09.885" endtime="20231009 14:55:10.886"/>
</kw>
<status status="PASS" starttime="20231009 14:55:09.856" endtime="20231009 14:55:10.886"/>
</iter>
<iter>
<var name="${i}">4150</var>
<kw name="Execute Javascript" library="SeleniumLibrary">
<arg>window.scrollTo(0, ${i})</arg>
<doc>Executes the given JavaScript code with possible arguments.</doc>
<msg timestamp="20231009 14:55:10.887" level="INFO">Executing JavaScript:
window.scrollTo(0, 4150)
Without any arguments.</msg>
<status status="PASS" starttime="20231009 14:55:10.886" endtime="20231009 14:55:10.945"/>
</kw>
<kw name="Sleep" library="BuiltIn">
<arg>1s</arg>
<doc>Pauses the test executed for the given time.</doc>
<msg timestamp="20231009 14:55:11.946" level="INFO">Slept 1 second</msg>
<status status="PASS" starttime="20231009 14:55:10.945" endtime="20231009 14:55:11.946"/>
</kw>
<status status="PASS" starttime="20231009 14:55:10.886" endtime="20231009 14:55:11.946"/>
</iter>
<iter>
<var name="${i}">4200</var>
<kw name="Execute Javascript" library="SeleniumLibrary">
<arg>window.scrollTo(0, ${i})</arg>
<doc>Executes the given JavaScript code with possible arguments.</doc>
<msg timestamp="20231009 14:55:11.949" level="INFO">Executing JavaScript:
window.scrollTo(0, 4200)
Without any arguments.</msg>
<status status="PASS" starttime="20231009 14:55:11.947" endtime="20231009 14:55:11.973"/>
</kw>
<kw name="Sleep" library="BuiltIn">
<arg>1s</arg>
<doc>Pauses the test executed for the given time.</doc>
<msg timestamp="20231009 14:55:12.975" level="INFO">Slept 1 second</msg>
<status status="PASS" starttime="20231009 14:55:11.973" endtime="20231009 14:55:12.975"/>
</kw>
<status status="PASS" starttime="20231009 14:55:11.947" endtime="20231009 14:55:12.975"/>
</iter>
<iter>
<var name="${i}">4250</var>
<kw name="Execute Javascript" library="SeleniumLibrary">
<arg>window.scrollTo(0, ${i})</arg>
<doc>Executes the given JavaScript code with possible arguments.</doc>
<msg timestamp="20231009 14:55:12.977" level="INFO">Executing JavaScript:
window.scrollTo(0, 4250)
Without any arguments.</msg>
<status status="PASS" starttime="20231009 14:55:12.976" endtime="20231009 14:55:13.047"/>
</kw>
<kw name="Sleep" library="BuiltIn">
<arg>1s</arg>
<doc>Pauses the test executed for the given time.</doc>
<msg timestamp="20231009 14:55:14.048" level="INFO">Slept 1 second</msg>
<status status="PASS" starttime="20231009 14:55:13.047" endtime="20231009 14:55:14.048"/>
</kw>
<status status="PASS" starttime="20231009 14:55:12.976" endtime="20231009 14:55:14.048"/>
</iter>
<iter>
<var name="${i}">4300</var>
<kw name="Execute Javascript" library="SeleniumLibrary">
<arg>window.scrollTo(0, ${i})</arg>
<doc>Executes the given JavaScript code with possible arguments.</doc>
<msg timestamp="20231009 14:55:14.051" level="INFO">Executing JavaScript:
window.scrollTo(0, 4300)
Without any arguments.</msg>
<status status="PASS" starttime="20231009 14:55:14.048" endtime="20231009 14:55:14.106"/>
</kw>
<kw name="Sleep" library="BuiltIn">
<arg>1s</arg>
<doc>Pauses the test executed for the given time.</doc>
<msg timestamp="20231009 14:55:15.107" level="INFO">Slept 1 second</msg>
<status status="PASS" starttime="20231009 14:55:14.106" endtime="20231009 14:55:15.107"/>
</kw>
<status status="PASS" starttime="20231009 14:55:14.048" endtime="20231009 14:55:15.107"/>
</iter>
<iter>
<var name="${i}">4350</var>
<kw name="Execute Javascript" library="SeleniumLibrary">
<arg>window.scrollTo(0, ${i})</arg>
<doc>Executes the given JavaScript code with possible arguments.</doc>
<msg timestamp="20231009 14:55:15.110" level="INFO">Executing JavaScript:
window.scrollTo(0, 4350)
Without any arguments.</msg>
<status status="PASS" starttime="20231009 14:55:15.108" endtime="20231009 14:55:15.139"/>
</kw>
<kw name="Sleep" library="BuiltIn">
<arg>1s</arg>
<doc>Pauses the test executed for the given time.</doc>
<msg timestamp="20231009 14:55:16.140" level="INFO">Slept 1 second</msg>
<status status="PASS" starttime="20231009 14:55:15.139" endtime="20231009 14:55:16.140"/>
</kw>
<status status="PASS" starttime="20231009 14:55:15.108" endtime="20231009 14:55:16.140"/>
</iter>
<iter>
<var name="${i}">4400</var>
<kw name="Execute Javascript" library="SeleniumLibrary">
<arg>window.scrollTo(0, ${i})</arg>
<doc>Executes the given JavaScript code with possible arguments.</doc>
<msg timestamp="20231009 14:55:16.142" level="INFO">Executing JavaScript:
window.scrollTo(0, 4400)
Without any arguments.</msg>
<status status="PASS" starttime="20231009 14:55:16.141" endtime="20231009 14:55:16.179"/>
</kw>
<kw name="Sleep" library="BuiltIn">
<arg>1s</arg>
<doc>Pauses the test executed for the given time.</doc>
<msg timestamp="20231009 14:55:17.181" level="INFO">Slept 1 second</msg>
<status status="PASS" starttime="20231009 14:55:16.180" endtime="20231009 14:55:17.181"/>
</kw>
<status status="PASS" starttime="20231009 14:55:16.140" endtime="20231009 14:55:17.181"/>
</iter>
<iter>
<var name="${i}">4450</var>
[...]
</kw>
<status status="PASS" starttime="20231009 14:55:40.151" endtime="20231009 14:55:41.179"/>
</iter>
<iter>
<var name="${i}">5600</var>
<kw name="Execute Javascript" library="SeleniumLibrary">
<arg>window.scrollTo(0, ${i})</arg>
<doc>Executes the given JavaScript code with possible arguments.</doc>
<msg timestamp="20231009 14:55:41.182" level="INFO">Executing JavaScript:
window.scrollTo(0, 5600)
Without any arguments.</msg>
<status status="PASS" starttime="20231009 14:55:41.180" endtime="20231009 14:55:41.266"/>
</kw>
<kw name="Sleep" library="BuiltIn">
<arg>1s</arg>
<doc>Pauses the test executed for the given time.</doc>
<msg timestamp="20231009 14:55:42.268" level="INFO">Slept 1 second</msg>
<status status="PASS" starttime="20231009 14:55:41.267" endtime="20231009 14:55:42.268"/>
</kw>
<status status="PASS" starttime="20231009 14:55:41.180" endtime="20231009 14:55:42.268"/>
</iter>
<iter>
<var name="${i}">5650</var>
<kw name="Execute Javascript" library="SeleniumLibrary">
<arg>window.scrollTo(0, ${i})</arg>
<doc>Executes the given JavaScript code with possible arguments.</doc>
<msg timestamp="20231009 14:55:42.271" level="INFO">Executing JavaScript:
window.scrollTo(0, 5650)
Without any arguments.</msg>
<status status="PASS" starttime="20231009 14:55:42.269" endtime="20231009 14:55:42.328"/>
</kw>
<kw name="Sleep" library="BuiltIn">
<arg>1s</arg>
<doc>Pauses the test executed for the given time.</doc>
<msg timestamp="20231009 14:55:43.330" level="INFO">Slept 1 second</msg>
<status status="PASS" starttime="20231009 14:55:42.328" endtime="20231009 14:55:43.330"/>
</kw>
<status status="PASS" starttime="20231009 14:55:42.268" endtime="20231009 14:55:43.330"/>
</iter>
<iter>
<var name="${i}">5700</var>
<kw name="Execute Javascript" library="SeleniumLibrary">
<arg>window.scrollTo(0, ${i})</arg>
<doc>Executes the given JavaScript code with possible arguments.</doc>
<msg timestamp="20231009 14:55:43.332" level="INFO">Executing JavaScript:
window.scrollTo(0, 5700)
Without any arguments.</msg>
<status status="PASS" starttime="20231009 14:55:43.332" endtime="20231009 14:55:43.374"/>
</kw>
<kw name="Sleep" library="BuiltIn">
<arg>1s</arg>
<doc>Pauses the test executed for the given time.</doc>
<msg timestamp="20231009 14:55:44.375" level="INFO">Slept 1 second</msg>
<status status="PASS" starttime="20231009 14:55:43.374" endtime="20231009 14:55:44.375"/>
</kw>
<status status="PASS" starttime="20231009 14:55:43.331" endtime="20231009 14:55:44.375"/>
</iter>
<iter>
<var name="${i}">5750</var>
<kw name="Execute Javascript" library="SeleniumLibrary">
<arg>window.scrollTo(0, ${i})</arg>
<doc>Executes the given JavaScript code with possible arguments.</doc>
<msg timestamp="20231009 14:55:44.377" level="INFO">Executing JavaScript:
window.scrollTo(0, 5750)
Without any arguments.</msg>
<status status="PASS" starttime="20231009 14:55:44.376" endtime="20231009 14:55:44.411"/>
</kw>
<kw name="Sleep" library="BuiltIn">
<arg>1s</arg>
<doc>Pauses the test executed for the given time.</doc>
<msg timestamp="20231009 14:55:45.413" level="INFO">Slept 1 second</msg>
<status status="PASS" starttime="20231009 14:55:44.411" endtime="20231009 14:55:45.413"/>
</kw>
<status status="PASS" starttime="20231009 14:55:44.375" endtime="20231009 14:55:45.414"/>
</iter>
<iter>
<var name="${i}">5800</var>
<kw name="Execute Javascript" library="SeleniumLibrary">
<arg>window.scrollTo(0, ${i})</arg>
<doc>Executes the given JavaScript code with possible arguments.</doc>
<msg timestamp="20231009 14:55:45.416" level="INFO">Executing JavaScript:
window.scrollTo(0, 5800)
Without any arguments.</msg>
<status status="PASS" starttime="20231009 14:55:45.415" endtime="20231009 14:55:45.460"/>
</kw>
<kw name="Sleep" library="BuiltIn">
<arg>1s</arg>
<doc>Pauses the test executed for the given time.</doc>
<msg timestamp="20231009 14:55:46.461" level="INFO">Slept 1 second</msg>
<status status="PASS" starttime="20231009 14:55:45.461" endtime="20231009 14:55:46.461"/>
</kw>
<status status="PASS" starttime="20231009 14:55:45.414" endtime="20231009 14:55:46.461"/>
</iter>
<iter>
<var name="${i}">5850</var>
<kw name="Execute Javascript" library="SeleniumLibrary">
<arg>window.scrollTo(0, ${i})</arg>
<doc>Executes the given JavaScript code with possible arguments.</doc>
<msg timestamp="20231009 14:55:46.463" level="INFO">Executing JavaScript:
window.scrollTo(0, 5850)
Without any arguments.</msg>
<status status="PASS" starttime="20231009 14:55:46.462" endtime="20231009 14:55:46.509"/>
</kw>
<kw name="Sleep" library="BuiltIn">
<arg>1s</arg>
<doc>Pauses the test executed for the given time.</doc>
<msg timestamp="20231009 14:55:47.510" level="INFO">Slept 1 second</msg>
<status status="PASS" starttime="20231009 14:55:46.509" endtime="20231009 14:55:47.510"/>
</kw>
<status status="PASS" starttime="20231009 14:55:46.462" endtime="20231009 14:55:47.510"/>
</iter>
<iter>
<var name="${i}">5900</var>
<kw name="Execute Javascript" library="SeleniumLibrary">
<arg>window.scrollTo(0, ${i})</arg>
<doc>Executes the given JavaScript code with possible arguments.</doc>
<msg timestamp="20231009 14:55:47.512" level="INFO">Executing JavaScript:
window.scrollTo(0, 5900)
Without any arguments.</msg>
<status status="PASS" starttime="20231009 14:55:47.511" endtime="20231009 14:55:47.569"/>
</kw>
<kw name="Sleep" library="BuiltIn">
<arg>1s</arg>
<doc>Pauses the test executed for the given time.</doc>
<msg timestamp="20231009 14:55:48.570" level="INFO">Slept 1 second</msg>
<status status="PASS" starttime="20231009 14:55:47.570" endtime="20231009 14:55:48.570"/>
</kw>
<status status="PASS" starttime="20231009 14:55:47.511" endtime="20231009 14:55:48.570"/>
</iter>
<iter>
<var name="${i}">5950</var>
<kw name="Execute Javascript" library="SeleniumLibrary">
<arg>window.scrollTo(0, ${i})</arg>
<doc>Executes the given JavaScript code with possible arguments.</doc>
<msg timestamp="20231009 14:55:48.572" level="INFO">Executing JavaScript:
window.scrollTo(0, 5950)
Without any arguments.</msg>
<status status="PASS" starttime="20231009 14:55:48.571" endtime="20231009 14:55:48.636"/>
</kw>
<kw name="Sleep" library="BuiltIn">
<arg>1s</arg>
<doc>Pauses the test executed for the given time.</doc>
<msg timestamp="20231009 14:55:49.637" level="INFO">Slept 1 second</msg>
<status status="PASS" starttime="20231009 14:55:48.636" endtime="20231009 14:55:49.637"/>
</kw>
<status status="PASS" starttime="20231009 14:55:48.570" endtime="20231009 14:55:49.637"/>
</iter>
<iter>
<var name="${i}">6000</var>
<kw name="Execute Javascript" library="SeleniumLibrary">
<arg>window.scrollTo(0, ${i})</arg>
<doc>Executes the given JavaScript code with possible arguments.</doc>
<msg timestamp="20231009 14:55:49.639" level="INFO">Executing JavaScript:
window.scrollTo(0, 6000)
Without any arguments.</msg>
<status status="PASS" starttime="20231009 14:55:49.638" endtime="20231009 14:55:49.698"/>
</kw>
<kw name="Sleep" library="BuiltIn">
<arg>1s</arg>
<doc>Pauses the test executed for the given time.</doc>
<msg timestamp="20231009 14:55:50.699" level="INFO">Slept 1 second</msg>
<status status="PASS" starttime="20231009 14:55:49.699" endtime="20231009 14:55:50.699"/>
</kw>
<status status="PASS" starttime="20231009 14:55:49.637" endtime="20231009 14:55:50.700"/>
</iter>
<iter>
<var name="${i}">6050</var>
<kw name="Execute Javascript" library="SeleniumLibrary">
<arg>window.scrollTo(0, ${i})</arg>
<doc>Executes the given JavaScript code with possible arguments.</doc>
<msg timestamp="20231009 14:55:50.701" level="INFO">Executing JavaScript:
window.scrollTo(0, 6050)
Without any arguments.</msg>
<status status="PASS" starttime="20231009 14:55:50.700" endtime="20231009 14:55:50.749"/>
</kw>
<kw name="Sleep" library="BuiltIn">
<arg>1s</arg>
<doc>Pauses the test executed for the given time.</doc>
<msg timestamp="20231009 14:55:51.751" level="INFO">Slept 1 second</msg>
<status status="PASS" starttime="20231009 14:55:50.750" endtime="20231009 14:55:51.751"/>
</kw>
<status status="PASS" starttime="20231009 14:55:50.700" endtime="20231009 14:55:51.751"/>
</iter>
<iter>
<var name="${i}">6100</var>
<kw name="Execute Javascript" library="SeleniumLibrary">
<arg>window.scrollTo(0, ${i})</arg>
<doc>Executes the given JavaScript code with possible arguments.</doc>
<msg timestamp="20231009 14:55:51.753" level="INFO">Executing JavaScript:
window.scrollTo(0, 6100)
Without any arguments.</msg>
<status status="PASS" starttime="20231009 14:55:51.752" endtime="20231009 14:55:51.835"/>
</kw>
<kw name="Sleep" library="BuiltIn">
<arg>1s</arg>
<doc>Pauses the test executed for the given time.</doc>
<msg timestamp="20231009 14:55:52.836" level="INFO">Slept 1 second</msg>
<status status="PASS" starttime="20231009 14:55:51.835" endtime="20231009 14:55:52.836"/>
</kw>
<status status="PASS" starttime="20231009 14:55:51.751" endtime="20231009 14:55:52.836"/>
</iter>
<iter>
<var name="${i}">6150</var>
<kw name="Execute Javascript" library="SeleniumLibrary">
<arg>window.scrollTo(0, ${i})</arg>
<doc>Executes the given JavaScript code with possible arguments.</doc>
<msg timestamp="20231009 14:55:52.838" level="INFO">Executing JavaScript:
window.scrollTo(0, 6150)
Without any arguments.</msg>
<status status="PASS" starttime="20231009 14:55:52.837" endtime="20231009 14:55:52.861"/>
</kw>
<kw name="Sleep" library="BuiltIn">
<arg>1s</arg>
<doc>Pauses the test executed for the given time.</doc>
<msg timestamp="20231009 14:55:53.862" level="INFO">Slept 1 second</msg>
<status status="PASS" starttime="20231009 14:55:52.861" endtime="20231009 14:55:53.862"/>
</kw>
<status status="PASS" starttime="20231009 14:55:52.836" endtime="20231009 14:55:53.862"/>
</iter>
<iter>
<var name="${i}">6200</var>
<kw name="Execute Javascript" library="SeleniumLibrary">
<arg>window.scrollTo(0, ${i})</arg>
<doc>Executes the given JavaScript code with possible arguments.</doc>
<msg timestamp="20231009 14:55:53.863" level="INFO">Executing JavaScript:
window.scrollTo(0, 6200)
Without any arguments.</msg>
<status status="PASS" starttime="20231009 14:55:53.863" endtime="20231009 14:55:53.912"/>
</kw>
<kw name="Sleep" library="BuiltIn">
<arg>1s</arg>
<doc>Pauses the test executed for the given time.</doc>
<msg timestamp="20231009 14:55:54.912" level="INFO">Slept 1 second</msg>
<status status="PASS" starttime="20231009 14:55:53.912" endtime="20231009 14:55:54.912"/>
</kw>
<status status="PASS" starttime="20231009 14:55:53.863" endtime="20231009 14:55:54.912"/>
</iter>
<iter>
<var name="${i}">6250</var>
<kw name="Execute Javascript" library="SeleniumLibrary">
<arg>window.scrollTo(0, ${i})</arg>
<doc>Executes the given JavaScript code with possible arguments.</doc>
<msg timestamp="20231009 14:55:54.915" level="INFO">Executing JavaScript:
window.scrollTo(0, 6250)
Without any arguments.</msg>
<status status="PASS" starttime="20231009 14:55:54.913" endtime="20231009 14:55:54.943"/>
</kw>
<kw name="Sleep" library="BuiltIn">
<arg>1s</arg>
<doc>Pauses the test executed for the given time.</doc>
<msg timestamp="20231009 14:55:55.945" level="INFO">Slept 1 second</msg>
<status status="PASS" starttime="20231009 14:55:54.943" endtime="20231009 14:55:55.945"/>
</kw>
<status status="PASS" starttime="20231009 14:55:54.913" endtime="20231009 14:55:55.945"/>
</iter>
<iter>
<var name="${i}">6300</var>
<kw name="Execute Javascript" library="SeleniumLibrary">
<arg>window.scrollTo(0, ${i})</arg>
<doc>Executes the given JavaScript code with possible arguments.</doc>
<msg timestamp="20231009 14:55:55.948" level="INFO">Executing JavaScript:
window.scrollTo(0, 6300)
Without any arguments.</msg>
<status status="PASS" starttime="20231009 14:55:55.946" endtime="20231009 14:55:55.994"/>
</kw>
<kw name="Sleep" library="BuiltIn">
<arg>1s</arg>
<doc>Pauses the test executed for the given time.</doc>
<msg timestamp="20231009 14:55:56.996" level="INFO">Slept 1 second</msg>
<status status="PASS" starttime="20231009 14:55:55.994" endtime="20231009 14:55:56.996"/>
</kw>
<status status="PASS" starttime="20231009 14:55:55.945" endtime="20231009 14:55:56.997"/>
</iter>
<iter>
<var name="${i}">6350</var>
<kw name="Execute Javascript" library="SeleniumLibrary">
<arg>window.scrollTo(0, ${i})</arg>
<doc>Executes the given JavaScript code with possible arguments.</doc>
<msg timestamp="20231009 14:55:56.999" level="INFO">Executing JavaScript:
window.scrollTo(0, 6350)
Without any arguments.</msg>
<status status="PASS" starttime="20231009 14:55:56.997" endtime="20231009 14:55:57.040"/>
</kw>
<kw name="Sleep" library="BuiltIn">
<arg>1s</arg>
<doc>Pauses the test executed for the given time.</doc>
<msg timestamp="20231009 14:55:58.042" level="INFO">Slept 1 second</msg>
<status status="PASS" starttime="20231009 14:55:57.040" endtime="20231009 14:55:58.042"/>
</kw>
<status status="PASS" starttime="20231009 14:55:56.997" endtime="20231009 14:55:58.042"/>
</iter>
<iter>
<var name="${i}">6400</var>
<kw name="Execute Javascript" library="SeleniumLibrary">
<arg>window.scrollTo(0, ${i})</arg>
<doc>Executes the given JavaScript code with possible arguments.</doc>
<msg timestamp="20231009 14:55:58.043" level="INFO">Executing JavaScript:
window.scrollTo(0, 6400)
Without any arguments.</msg>
<status status="PASS" starttime="20231009 14:55:58.043" endtime="20231009 14:55:58.058"/>
</kw>
<kw name="Sleep" library="BuiltIn">
<arg>1s</arg>
<doc>Pauses the test executed for the given time.</doc>
<msg timestamp="20231009 14:55:59.059" level="INFO">Slept 1 second</msg>
<status status="PASS" starttime="20231009 14:55:58.058" endtime="20231009 14:55:59.059"/>
</kw>
<status status="PASS" starttime="20231009 14:55:58.042" endtime="20231009 14:55:59.059"/>
</iter>
<iter>
<var name="${i}">6450</var>
<kw name="Execute Javascript" library="SeleniumLibrary">
<arg>window.scrollTo(0, ${i})</arg>
<doc>Executes the given JavaScript code with possible arguments.</doc>
<msg timestamp="20231009 14:55:59.061" level="INFO">Executing JavaScript:
window.scrollTo(0, 6450)
Without any arguments.</msg>
<status status="PASS" starttime="20231009 14:55:59.060" endtime="20231009 14:55:59.077"/>
</kw>
<kw name="Sleep" library="BuiltIn">
<arg>1s</arg>
<doc>Pauses the test executed for the given time.</doc>
<msg timestamp="20231009 14:56:00.078" level="INFO">Slept 1 second</msg>
<status status="PASS" starttime="20231009 14:55:59.077" endtime="20231009 14:56:00.078"/>
</kw>
<status status="PASS" starttime="20231009 14:55:59.059" endtime="20231009 14:56:00.078"/>
</iter>
<status status="PASS" starttime="20231009 14:53:44.709" endtime="20231009 14:56:00.079"/>
</for>
<status status="PASS" starttime="20231009 14:53:33.216" endtime="20231009 14:56:00.079"/>
</test>
<test id="s1-s1-t5" name="recentlyplayed" line="38">
<kw name="Sleep" library="BuiltIn">
<arg>10s</arg>
<doc>Pauses the test executed for the given time.</doc>
<msg timestamp="20231009 14:56:10.084" level="INFO">Slept 10 seconds</msg>
<status status="PASS" starttime="20231009 14:56:00.082" endtime="20231009 14:56:10.084"/>
</kw>
<kw name="Wait Until Element Is Visible" library="SeleniumLibrary">
<arg>xpath://a[@title="Recently Played"]/div/span/span</arg>
<arg>timeout=10</arg>
<doc>Waits until the element ``locator`` is visible.</doc>
<status status="PASS" starttime="20231009 14:56:10.085" endtime="20231009 14:56:10.310"/>
</kw>
<kw name="Click Element" library="SeleniumLibrary">
<arg>xpath://a[@title="Recently Played"]/div/span/span</arg>
<doc>Click the element identified by ``locator``.</doc>
<msg timestamp="20231009 14:56:10.311" level="INFO">Clicking element 'xpath://a[@title="Recently Played"]/div/span/span'.</msg>
<msg timestamp="20231009 14:56:12.206" level="INFO" html="true">&lt;/td&gt;&lt;/tr&gt;&lt;tr&gt;&lt;td colspan="3"&gt;&lt;a href="selenium-screenshot-1.png"&gt;&lt;img src="selenium-screenshot-1.png" width="800px"&gt;&lt;/a&gt;</msg>
<msg timestamp="20231009 14:56:12.206" level="FAIL">ElementClickInterceptedException: Message: element click intercepted: Element &lt;span style="box-sizing: border-box; display: block; overflow: hidden; width: initial; height: initial; background: none; opacity: 1; border: 0px; margin: 0px; padding: 0px; position: relative;"&gt;...&lt;/span&gt; is not clickable at point (758, 542). Other element would receive the click: &lt;div class="flex-grow text-center flex items-center justify-center sm:flex-1"&gt;...&lt;/div&gt;
  (Session info: chrome=117.0.5938.149)
Stacktrace:
	GetHandleVerifier [0x00007FF7DFBF7D12+55474]
	(No symbol) [0x00007FF7DFB677C2]
	(No symbol) [0x00007FF7DFA1E0EB]
	(No symbol) [0x00007FF7DFA64E7B]
	(No symbol) [0x00007FF7DFA63249]
	(No symbol) [0x00007FF7DFA61018]
	(No symbol) [0x00007FF7DFA600D3]
	(No symbol) [0x00007FF7DFA55DCF]
	(No symbol) [0x00007FF7DFA7F15A]
	(No symbol) [0x00007FF7DFA556E6]
	(No symbol) [0x00007FF7DFA7F370]
	(No symbol) [0x00007FF7DFA97EF2]
	(No symbol) [0x00007FF7DFA7EF33]
	(No symbol) [0x00007FF7DFA53D41]
	(No symbol) [0x00007FF7DFA54F84]
	GetHandleVerifier [0x00007FF7DFF5B762+3609346]
	GetHandleVerifier [0x00007FF7DFFB1A80+3962400]
	GetHandleVerifier [0x00007FF7DFFA9F0F+3930799]
	GetHandleVerifier [0x00007FF7DFC93CA6+694342]
	(No symbol) [0x00007FF7DFB72218]
	(No symbol) [0x00007FF7DFB6E484]
	(No symbol) [0x00007FF7DFB6E5B2]
	(No symbol) [0x00007FF7DFB5EE13]
	BaseThreadInitThunk [0x00007FFA6D8A257D+29]
	RtlUserThreadStart [0x00007FFA6F06AA68+40]
</msg>
<status status="FAIL" starttime="20231009 14:56:10.310" endtime="20231009 14:56:12.220"/>
</kw>
<kw name="Sleep" library="BuiltIn">
<arg>10s</arg>
<doc>Pauses the test executed for the given time.</doc>
<status status="NOT RUN" starttime="20231009 14:56:12.220" endtime="20231009 14:56:12.221"/>
</kw>
<kw name="Log To Console" library="BuiltIn">
<arg>shown recently played list successfully</arg>
<doc>Logs the given message to the console.</doc>
<status status="NOT RUN" starttime="20231009 14:56:12.221" endtime="20231009 14:56:12.221"/>
</kw>
<status status="FAIL" starttime="20231009 14:56:00.081" endtime="20231009 14:56:12.222">ElementClickInterceptedException: Message: element click intercepted: Element &lt;span style="box-sizing: border-box; display: block; overflow: hidden; width: initial; height: initial; background: none; opacity: 1; border: 0px; margin: 0px; padding: 0px; position: relative;"&gt;...&lt;/span&gt; is not clickable at point (758, 542). Other element would receive the click: &lt;div class="flex-grow text-center flex items-center justify-center sm:flex-1"&gt;...&lt;/div&gt;
  (Session info: chrome=117.0.5938.149)
Stacktrace:
	GetHandleVerifier [0x00007FF7DFBF7D12+55474]
	(No symbol) [0x00007FF7DFB677C2]
	(No symbol) [0x00007FF7DFA1E0EB]
	(No symbol) [0x00007FF7DFA64E7B]
	(No symbol) [0x00007FF7DFA63249]
	(No symbol) [0x00007FF7DFA61018]
	(No symbol) [0x00007FF7DFA600D3]
	(No symbol) [0x00007FF7DFA55DCF]
	(No symbol) [0x00007FF7DFA7F15A]
	(No symbol) [0x00007FF7DFA556E6]
	(No symbol) [0x00007FF7DFA7F370]
	(No symbol) [0x00007FF7DFA97EF2]
	(No symbol) [0x00007FF7DFA7EF33]
	(No symbol) [0x00007FF7DFA53D41]
	(No symbol) [0x00007FF7DFA54F84]
	GetHandleVerifier [0x00007FF7DFF5B762+3609346]
	GetHandleVerifier [0x00007FF7DFFB1A80+3962400]
	GetHandleVerifier [0x00007FF7DFFA9F0F+3930799]
	GetHandleVerifier [0x00007FF7DFC93CA6+694342]
	(No symbol) [0x00007FF7DFB72218]
	(No symbol) [0x00007FF7DFB6E484]
	(No symbol) [0x00007FF7DFB6E5B2]
	(No symbol) [0x00007FF7DFB5EE13]
	BaseThreadInitThunk [0x00007FFA6D8A257D+29]
	RtlUserThreadStart [0x00007FFA6F06AA68+40]
</status>
</test>
<status status="FAIL" starttime="20231009 14:52:54.119" endtime="20231009 14:56:12.223"/>
</suite>
<status status="FAIL" starttime="20231009 14:52:54.095" endtime="20231009 14:56:12.225"/>
</suite>
<statistics>
<total>
<stat pass="4" fail="1" skip="0">All Tests</stat>
</total>
<tag>
</tag>
<suite>
<stat pass="4" fail="1" skip="0" id="s1" name="Suites">Suites</stat>
<stat pass="4" fail="1" skip="0" id="s1-s1" name="Wynk">Suites.Wynk</stat>
</suite>
</statistics>
<errors>
</errors>
</robot>
